#
# A fatal error has been detected by the Java Runtime Environment:
#
#  Internal Error (classFileParser.cpp:3494), pid=15604, tid=139760297445120
#  Error: ShouldNotReachHere()
#
# JRE version: 6.0_24-b24
# Java VM: OpenJDK 64-Bit Server VM (20.0-b12 mixed mode linux-amd64 compressed oops)
# Derivative: IcedTea6 1.11.4
# Distribution: Ubuntu 12.04 LTS, package 6b24-1.11.4-1ubuntu0.12.04.1
# If you would like to submit a bug report, please include
# instructions how to reproduce the bug and visit:
#   https://bugs.launchpad.net/ubuntu/+source/openjdk-6/
#

---------------  T H R E A D  ---------------

Current thread (0x00007f1c74008000):  JavaThread "Unknown thread" [_thread_in_vm, id=15610, stack(0x00007f1c7ad20000,0x00007f1c7ae21000)]

Stack: [0x00007f1c7ad20000,0x00007f1c7ae21000],  sp=0x00007f1c7ae1f080,  free space=1020k
Native frames: (J=compiled Java code, j=interpreted, Vv=VM code, C=native code)
V  [libjvm.so+0x7836d5]  VMError::report(outputStream*)+0x1255
V  [libjvm.so+0x783959]  VMError::report_and_die()+0x169
V  [libjvm.so+0x3bb18a]  report_vm_error(char const*, int, char const*, char const*)+0x4a
V  [libjvm.so+0x351555]  ClassFileParser::parseClassFile(symbolHandle, Handle, Handle, KlassHandle, GrowableArray<Handle>*, symbolHandle&, bool, Thread*)+0x1545
V  [libjvm.so+0x3557b3]  ClassLoader::load_classfile(symbolHandle, Thread*)+0x1f3
V  [libjvm.so+0x71b894]  SystemDictionary::load_instance_class(symbolHandle, Handle, Thread*)+0x354
V  [libjvm.so+0x719fa0]  SystemDictionary::resolve_instance_class_or_null(symbolHandle, Handle, Handle, Thread*)+0x7c0
V  [libjvm.so+0x71bf23]  SystemDictionary::resolve_or_fail(symbolHandle, Handle, Handle, bool, Thread*)+0x33
V  [libjvm.so+0x71c004]  SystemDictionary::resolve_or_fail(symbolHandle, bool, Thread*)+0x14
V  [libjvm.so+0x71c0b0]  SystemDictionary::initialize_wk_klass(SystemDictionary::WKID, int, Thread*)+0xa0
V  [libjvm.so+0x71c119]  SystemDictionary::initialize_wk_klasses_until(SystemDictionary::WKID, SystemDictionary::WKID&, Thread*)+0x59
V  [libjvm.so+0x71c211]  SystemDictionary::initialize_preloaded_classes(Thread*)+0x71
V  [libjvm.so+0x75fa8f]  Universe::genesis(Thread*)+0x11f
V  [libjvm.so+0x76043f]  universe2_init()+0x1f
V  [libjvm.so+0x473f25]  init_globals()+0x95
V  [libjvm.so+0x74a3ca]  Threads::create_vm(JavaVMInitArgs*, bool*)+0x1ea
V  [libjvm.so+0x4cdbf1]  JNI_CreateJavaVM+0x61
C  [java+0x317e]  JavaMain+0x7e


---------------  P R O C E S S  ---------------

Java Threads: ( => current thread )

Other Threads:

=>0x00007f1c74008000 (exited) JavaThread "Unknown thread" [_thread_in_vm, id=15610, stack(0x00007f1c7ad20000,0x00007f1c7ae21000)]

VM state:not at safepoint (not fully initialized)

VM Mutex/Monitor currently owned by a thread: None

Dynamic libraries:
00400000-00409000 r-xp 00000000 08:06 535077                             /usr/lib/jvm/java-6-openjdk-amd64/jre/bin/java
00608000-00609000 r--p 00008000 08:06 535077                             /usr/lib/jvm/java-6-openjdk-amd64/jre/bin/java
00609000-0060a000 rw-p 00009000 08:06 535077                             /usr/lib/jvm/java-6-openjdk-amd64/jre/bin/java
012f9000-0131a000 rw-p 00000000 00:00 0                                  [heap]
77ae00000-77c2c0000 rw-p 00000000 00:00 0 
77c2c0000-785400000 rw-p 00000000 00:00 0 
785400000-78a5d0000 rw-p 00000000 00:00 0 
78a5d0000-7d7160000 rw-p 00000000 00:00 0 
7d7160000-7d9a40000 rw-p 00000000 00:00 0 
7d9a40000-800000000 rw-p 00000000 00:00 0 
7f1c5c000000-7f1c5c021000 rw-p 00000000 00:00 0 
7f1c5c021000-7f1c60000000 ---p 00000000 00:00 0 
7f1c63f3e000-7f1c64000000 r--s 010b9000 08:09 3544940                    /home/hesa/android-sdks/platforms/android-16/android.jar
7f1c64000000-7f1c64021000 rw-p 00000000 00:00 0 
7f1c64021000-7f1c68000000 ---p 00000000 00:00 0 
7f1c68000000-7f1c68021000 rw-p 00000000 00:00 0 
7f1c68021000-7f1c6c000000 ---p 00000000 00:00 0 
7f1c6c000000-7f1c6c021000 rw-p 00000000 00:00 0 
7f1c6c021000-7f1c70000000 ---p 00000000 00:00 0 
7f1c70023000-7f1c70024000 ---p 00000000 00:00 0 
7f1c70024000-7f1c70124000 rw-p 00000000 00:00 0 
7f1c70124000-7f1c70125000 ---p 00000000 00:00 0 
7f1c70125000-7f1c70225000 rw-p 00000000 00:00 0 
7f1c70225000-7f1c70226000 ---p 00000000 00:00 0 
7f1c70226000-7f1c7034f000 rw-p 00000000 00:00 0 
7f1c7034f000-7f1c705b5000 rw-p 00000000 00:00 0 
7f1c705b5000-7f1c705c0000 rw-p 00000000 00:00 0 
7f1c705c0000-7f1c70608000 rw-p 00000000 00:00 0 
7f1c70608000-7f1c70631000 rw-p 00000000 00:00 0 
7f1c70631000-7f1c70896000 rw-p 00000000 00:00 0 
7f1c70896000-7f1c708ac000 rw-p 00000000 00:00 0 
7f1c708ac000-7f1c709de000 rw-p 00000000 00:00 0 
7f1c709de000-7f1c709df000 rw-p 00000000 00:00 0 
7f1c709df000-7f1c70c4f000 rwxp 00000000 00:00 0 
7f1c70c4f000-7f1c739df000 rw-p 00000000 00:00 0 
7f1c739df000-7f1c739e6000 r-xp 00000000 08:06 535076                     /usr/lib/jvm/java-6-openjdk-amd64/jre/lib/amd64/libzip.so
7f1c739e6000-7f1c73be5000 ---p 00007000 08:06 535076                     /usr/lib/jvm/java-6-openjdk-amd64/jre/lib/amd64/libzip.so
7f1c73be5000-7f1c73be6000 r--p 00006000 08:06 535076                     /usr/lib/jvm/java-6-openjdk-amd64/jre/lib/amd64/libzip.so
7f1c73be6000-7f1c73be7000 rw-p 00007000 08:06 535076                     /usr/lib/jvm/java-6-openjdk-amd64/jre/lib/amd64/libzip.so
7f1c73be7000-7f1c73bf3000 r-xp 00000000 08:06 939420                     /lib/x86_64-linux-gnu/libnss_files-2.15.so
7f1c73bf3000-7f1c73df2000 ---p 0000c000 08:06 939420                     /lib/x86_64-linux-gnu/libnss_files-2.15.so
7f1c73df2000-7f1c73df3000 r--p 0000b000 08:06 939420                     /lib/x86_64-linux-gnu/libnss_files-2.15.so
7f1c73df3000-7f1c73df4000 rw-p 0000c000 08:06 939420                     /lib/x86_64-linux-gnu/libnss_files-2.15.so
7f1c73df4000-7f1c73dfe000 r-xp 00000000 08:06 918276                     /lib/x86_64-linux-gnu/libnss_nis-2.15.so
7f1c73dfe000-7f1c73ffe000 ---p 0000a000 08:06 918276                     /lib/x86_64-linux-gnu/libnss_nis-2.15.so
7f1c73ffe000-7f1c73fff000 r--p 0000a000 08:06 918276                     /lib/x86_64-linux-gnu/libnss_nis-2.15.so
7f1c73fff000-7f1c74000000 rw-p 0000b000 08:06 918276                     /lib/x86_64-linux-gnu/libnss_nis-2.15.so
7f1c74000000-7f1c7407f000 rw-p 00000000 00:00 0 
7f1c7407f000-7f1c78000000 ---p 00000000 00:00 0 
7f1c7806d000-7f1c78095000 rw-p 00000000 00:00 0 
7f1c78095000-7f1c78096000 ---p 00000000 00:00 0 
7f1c78096000-7f1c781a1000 rw-p 00000000 00:00 0 
7f1c781a1000-7f1c781e9000 rw-p 00000000 00:00 0 
7f1c781e9000-7f1c78200000 r-xp 00000000 08:06 943478                     /lib/x86_64-linux-gnu/libnsl-2.15.so
7f1c78200000-7f1c783ff000 ---p 00017000 08:06 943478                     /lib/x86_64-linux-gnu/libnsl-2.15.so
7f1c783ff000-7f1c78400000 r--p 00016000 08:06 943478                     /lib/x86_64-linux-gnu/libnsl-2.15.so
7f1c78400000-7f1c78401000 rw-p 00017000 08:06 943478                     /lib/x86_64-linux-gnu/libnsl-2.15.so
7f1c78401000-7f1c78403000 rw-p 00000000 00:00 0 
7f1c78403000-7f1c7840b000 r-xp 00000000 08:06 943470                     /lib/x86_64-linux-gnu/libnss_compat-2.15.so
7f1c7840b000-7f1c7860a000 ---p 00008000 08:06 943470                     /lib/x86_64-linux-gnu/libnss_compat-2.15.so
7f1c7860a000-7f1c7860b000 r--p 00007000 08:06 943470                     /lib/x86_64-linux-gnu/libnss_compat-2.15.so
7f1c7860b000-7f1c7860c000 rw-p 00008000 08:06 943470                     /lib/x86_64-linux-gnu/libnss_compat-2.15.so
7f1c7860c000-7f1c78638000 r-xp 00000000 08:06 535062                     /usr/lib/jvm/java-6-openjdk-amd64/jre/lib/amd64/libjava.so
7f1c78638000-7f1c78837000 ---p 0002c000 08:06 535062                     /usr/lib/jvm/java-6-openjdk-amd64/jre/lib/amd64/libjava.so
7f1c78837000-7f1c78838000 r--p 0002b000 08:06 535062                     /usr/lib/jvm/java-6-openjdk-amd64/jre/lib/amd64/libjava.so
7f1c78838000-7f1c7883b000 rw-p 0002c000 08:06 535062                     /usr/lib/jvm/java-6-openjdk-amd64/jre/lib/amd64/libjava.so
7f1c7883b000-7f1c78849000 r-xp 00000000 08:06 535061                     /usr/lib/jvm/java-6-openjdk-amd64/jre/lib/amd64/libverify.so
7f1c78849000-7f1c78a48000 ---p 0000e000 08:06 535061                     /usr/lib/jvm/java-6-openjdk-amd64/jre/lib/amd64/libverify.so
7f1c78a48000-7f1c78a4a000 r--p 0000d000 08:06 535061                     /usr/lib/jvm/java-6-openjdk-amd64/jre/lib/amd64/libverify.so
7f1c78a4a000-7f1c78a4b000 rw-p 0000f000 08:06 535061                     /usr/lib/jvm/java-6-openjdk-amd64/jre/lib/amd64/libverify.so
7f1c78a4b000-7f1c78a52000 r-xp 00000000 08:06 918274                     /lib/x86_64-linux-gnu/librt-2.15.so
7f1c78a52000-7f1c78c51000 ---p 00007000 08:06 918274                     /lib/x86_64-linux-gnu/librt-2.15.so
7f1c78c51000-7f1c78c52000 r--p 00006000 08:06 918274                     /lib/x86_64-linux-gnu/librt-2.15.so
7f1c78c52000-7f1c78c53000 rw-p 00007000 08:06 918274                     /lib/x86_64-linux-gnu/librt-2.15.so
7f1c78c53000-7f1c78c68000 r-xp 00000000 08:06 922305                     /lib/x86_64-linux-gnu/libgcc_s.so.1
7f1c78c68000-7f1c78e67000 ---p 00015000 08:06 922305                     /lib/x86_64-linux-gnu/libgcc_s.so.1
7f1c78e67000-7f1c78e68000 r--p 00014000 08:06 922305                     /lib/x86_64-linux-gnu/libgcc_s.so.1
7f1c78e68000-7f1c78e69000 rw-p 00015000 08:06 922305                     /lib/x86_64-linux-gnu/libgcc_s.so.1
7f1c78e69000-7f1c78f62000 r-xp 00000000 08:06 931565                     /lib/x86_64-linux-gnu/libm-2.15.so
7f1c78f62000-7f1c79161000 ---p 000f9000 08:06 931565                     /lib/x86_64-linux-gnu/libm-2.15.so
7f1c79161000-7f1c79162000 r--p 000f8000 08:06 931565                     /lib/x86_64-linux-gnu/libm-2.15.so
7f1c79162000-7f1c79163000 rw-p 000f9000 08:06 931565                     /lib/x86_64-linux-gnu/libm-2.15.so
7f1c79163000-7f1c79245000 r-xp 00000000 08:06 528087                     /usr/lib/x86_64-linux-gnu/libstdc++.so.6.0.16
7f1c79245000-7f1c79444000 ---p 000e2000 08:06 528087                     /usr/lib/x86_64-linux-gnu/libstdc++.so.6.0.16
7f1c79444000-7f1c7944c000 r--p 000e1000 08:06 528087                     /usr/lib/x86_64-linux-gnu/libstdc++.so.6.0.16
7f1c7944c000-7f1c7944e000 rw-p 000e9000 08:06 528087                     /usr/lib/x86_64-linux-gnu/libstdc++.so.6.0.16
7f1c7944e000-7f1c79463000 rw-p 00000000 00:00 0 
7f1c79463000-7f1c79d67000 r-xp 00000000 08:06 535066                     /usr/lib/jvm/java-6-openjdk-amd64/jre/lib/amd64/server/libjvm.so
7f1c79d67000-7f1c79f67000 ---p 00904000 08:06 535066                     /usr/lib/jvm/java-6-openjdk-amd64/jre/lib/amd64/server/libjvm.so
7f1c79f67000-7f1c79fe7000 r--p 00904000 08:06 535066                     /usr/lib/jvm/java-6-openjdk-amd64/jre/lib/amd64/server/libjvm.so
7f1c79fe7000-7f1c7a002000 rw-p 00984000 08:06 535066                     /usr/lib/jvm/java-6-openjdk-amd64/jre/lib/amd64/server/libjvm.so
7f1c7a002000-7f1c7a02b000 rw-p 00000000 00:00 0 
7f1c7a02b000-7f1c7a041000 r-xp 00000000 08:06 921398                     /lib/x86_64-linux-gnu/libz.so.1.2.3.4
7f1c7a041000-7f1c7a240000 ---p 00016000 08:06 921398                     /lib/x86_64-linux-gnu/libz.so.1.2.3.4
7f1c7a240000-7f1c7a241000 r--p 00015000 08:06 921398                     /lib/x86_64-linux-gnu/libz.so.1.2.3.4
7f1c7a241000-7f1c7a242000 rw-p 00016000 08:06 921398                     /lib/x86_64-linux-gnu/libz.so.1.2.3.4
7f1c7a242000-7f1c7a3f7000 r-xp 00000000 08:06 918269                     /lib/x86_64-linux-gnu/libc-2.15.so
7f1c7a3f7000-7f1c7a5f6000 ---p 001b5000 08:06 918269                     /lib/x86_64-linux-gnu/libc-2.15.so
7f1c7a5f6000-7f1c7a5fa000 r--p 001b4000 08:06 918269                     /lib/x86_64-linux-gnu/libc-2.15.so
7f1c7a5fa000-7f1c7a5fc000 rw-p 001b8000 08:06 918269                     /lib/x86_64-linux-gnu/libc-2.15.so
7f1c7a5fc000-7f1c7a601000 rw-p 00000000 00:00 0 
7f1c7a601000-7f1c7a603000 r-xp 00000000 08:06 918268                     /lib/x86_64-linux-gnu/libdl-2.15.so
7f1c7a603000-7f1c7a803000 ---p 00002000 08:06 918268                     /lib/x86_64-linux-gnu/libdl-2.15.so
7f1c7a803000-7f1c7a804000 r--p 00002000 08:06 918268                     /lib/x86_64-linux-gnu/libdl-2.15.so
7f1c7a804000-7f1c7a805000 rw-p 00003000 08:06 918268                     /lib/x86_64-linux-gnu/libdl-2.15.so
7f1c7a805000-7f1c7a809000 r-xp 00000000 08:06 535046                     /usr/lib/jvm/java-6-openjdk-amd64/jre/lib/amd64/jli/libjli.so
7f1c7a809000-7f1c7aa08000 ---p 00004000 08:06 535046                     /usr/lib/jvm/java-6-openjdk-amd64/jre/lib/amd64/jli/libjli.so
7f1c7aa08000-7f1c7aa09000 r--p 00003000 08:06 535046                     /usr/lib/jvm/java-6-openjdk-amd64/jre/lib/amd64/jli/libjli.so
7f1c7aa09000-7f1c7aa0a000 rw-p 00004000 08:06 535046                     /usr/lib/jvm/java-6-openjdk-amd64/jre/lib/amd64/jli/libjli.so
7f1c7aa0a000-7f1c7aa22000 r-xp 00000000 08:06 918271                     /lib/x86_64-linux-gnu/libpthread-2.15.so
7f1c7aa22000-7f1c7ac21000 ---p 00018000 08:06 918271                     /lib/x86_64-linux-gnu/libpthread-2.15.so
7f1c7ac21000-7f1c7ac22000 r--p 00017000 08:06 918271                     /lib/x86_64-linux-gnu/libpthread-2.15.so
7f1c7ac22000-7f1c7ac23000 rw-p 00018000 08:06 918271                     /lib/x86_64-linux-gnu/libpthread-2.15.so
7f1c7ac23000-7f1c7ac27000 rw-p 00000000 00:00 0 
7f1c7ac27000-7f1c7ac49000 r-xp 00000000 08:06 943473                     /lib/x86_64-linux-gnu/ld-2.15.so
7f1c7ac60000-7f1c7ac6a000 rw-p 00000000 00:00 0 
7f1c7ac6a000-7f1c7ad20000 rw-p 00000000 00:00 0 
7f1c7ad20000-7f1c7ad23000 ---p 00000000 00:00 0 
7f1c7ad23000-7f1c7ae26000 rw-p 00000000 00:00 0 
7f1c7ae3d000-7f1c7ae45000 rw-s 00000000 08:06 393430                     /tmp/hsperfdata_hesa/15604
7f1c7ae45000-7f1c7ae46000 rw-p 00000000 00:00 0 
7f1c7ae46000-7f1c7ae47000 r--p 00000000 00:00 0 
7f1c7ae47000-7f1c7ae49000 rw-p 00000000 00:00 0 
7f1c7ae49000-7f1c7ae4a000 r--p 00022000 08:06 943473                     /lib/x86_64-linux-gnu/ld-2.15.so
7f1c7ae4a000-7f1c7ae4c000 rw-p 00023000 08:06 943473                     /lib/x86_64-linux-gnu/ld-2.15.so
7fff45903000-7fff45924000 rw-p 00000000 00:00 0                          [stack]
7fff459ff000-7fff45a00000 r-xp 00000000 00:00 0                          [vdso]
ffffffffff600000-ffffffffff601000 r-xp 00000000 00:00 0                  [vsyscall]

VM Arguments:
jvm_args: -Dfile.encoding=UTF-8 -Xbootclasspath:/home/hesa/android-sdks/platforms/android-16/android.jar 
java_command: org.eclipse.jdt.internal.junit.runner.RemoteTestRunner -version 3 -port 39385 -testLoaderClass org.eclipse.jdt.internal.junit4.runner.JUnit4TestLoader -loaderpluginname org.eclipse.jdt.junit4.runtime -classNames com.example.moon.NadaTest
Launcher Type: SUN_STANDARD

Environment Variables:
PATH=/home/hesa/bin:/usr/lib/lightdm/lightdm:/usr/local/sbin:/usr/local/bin:/usr/sbin:/usr/bin:/sbin:/bin:/usr/games:/home/hesa/.local/bin
LD_LIBRARY_PATH=/usr/lib/jvm/java-6-openjdk-amd64/jre/lib/amd64/server:/usr/lib/jvm/java-6-openjdk-amd64/jre/lib/amd64:/usr/lib/jvm/java-6-openjdk-amd64/jre/../lib/amd64
SHELL=/bin/bash
DISPLAY=:0

Signal Handlers:
SIGSEGV: [libjvm.so+0x784310], sa_mask[0]=0x7ffbfeff, sa_flags=0x10000004
SIGBUS: [libjvm.so+0x784310], sa_mask[0]=0x7ffbfeff, sa_flags=0x10000004
SIGFPE: [libjvm.so+0x648580], sa_mask[0]=0x7ffbfeff, sa_flags=0x10000004
SIGPIPE: [libjvm.so+0x648580], sa_mask[0]=0x7ffbfeff, sa_flags=0x10000004
SIGXFSZ: [libjvm.so+0x648580], sa_mask[0]=0x7ffbfeff, sa_flags=0x10000004
SIGILL: [libjvm.so+0x648580], sa_mask[0]=0x7ffbfeff, sa_flags=0x10000004
SIGUSR1: SIG_DFL, sa_mask[0]=0x00000000, sa_flags=0x00000000
SIGUSR2: [libjvm.so+0x648730], sa_mask[0]=0x00000004, sa_flags=0x10000004
SIGHUP: SIG_DFL, sa_mask[0]=0x00000000, sa_flags=0x00000000
SIGINT: SIG_DFL, sa_mask[0]=0x00000000, sa_flags=0x00000000
SIGTERM: SIG_DFL, sa_mask[0]=0x00000000, sa_flags=0x00000000
SIGQUIT: SIG_DFL, sa_mask[0]=0x00000000, sa_flags=0x00000000


---------------  S Y S T E M  ---------------

OS:Ubuntu 12.04 (precise)
uname:Linux 3.2.0-31-generic #50-Ubuntu SMP Fri Sep 7 16:16:45 UTC 2012 x86_64
libc:glibc 2.15 NPTL 2.15 
rlimit: STACK 8192k, CORE 0k, NPROC 62652, NOFILE 4096, AS infinity
load average:0.27 0.23 0.35

/proc/meminfo:
MemTotal:        8037068 kB
MemFree:         4891068 kB
Buffers:          217432 kB
Cached:          1130932 kB
SwapCached:            0 kB
Active:          2040340 kB
Inactive:         760020 kB
Active(anon):    1454208 kB
Inactive(anon):     9324 kB
Active(file):     586132 kB
Inactive(file):   750696 kB
Unevictable:          36 kB
Mlocked:              36 kB
SwapTotal:             0 kB
SwapFree:              0 kB
Dirty:              1780 kB
Writeback:             0 kB
AnonPages:       1452180 kB
Mapped:           215716 kB
Shmem:             11540 kB
Slab:             169340 kB
SReclaimable:     136656 kB
SUnreclaim:        32684 kB
KernelStack:        3824 kB
PageTables:        37544 kB
NFS_Unstable:          0 kB
Bounce:                0 kB
WritebackTmp:          0 kB
CommitLimit:     4018532 kB
Committed_AS:    3810540 kB
VmallocTotal:   34359738367 kB
VmallocUsed:      128164 kB
VmallocChunk:   34359602684 kB
HardwareCorrupted:     0 kB
AnonHugePages:         0 kB
HugePages_Total:       0
HugePages_Free:        0
HugePages_Rsvd:        0
HugePages_Surp:        0
Hugepagesize:       2048 kB
DirectMap4k:      135548 kB
DirectMap2M:     8177664 kB


CPU:total 4 (2 cores per cpu, 2 threads per core) family 6 model 37 stepping 5, cmov, cx8, fxsr, mmx, sse, sse2, sse3, ssse3, sse4.1, sse4.2, popcnt, ht

Memory: 4k page, physical 8037068k(4891068k free), swap 0k(0k free)

vm_info: OpenJDK 64-Bit Server VM (20.0-b12) for linux-amd64 JRE (1.6.0_24-b24), built on Sep  2 2012 19:50:47 by "buildd" with gcc 4.6.3

time: Sun Oct  7 11:17:55 2012
elapsed time: 0 seconds

