#
# A fatal error has been detected by the Java Runtime Environment:
#
#  Internal Error (classFileParser.cpp:3494), pid=15722, tid=139838663608064
#  Error: ShouldNotReachHere()
#
# JRE version: 6.0_24-b24
# Java VM: OpenJDK 64-Bit Server VM (20.0-b12 mixed mode linux-amd64 compressed oops)
# Derivative: IcedTea6 1.11.4
# Distribution: Ubuntu 12.04 LTS, package 6b24-1.11.4-1ubuntu0.12.04.1
# If you would like to submit a bug report, please include
# instructions how to reproduce the bug and visit:
#   https://bugs.launchpad.net/ubuntu/+source/openjdk-6/
#

---------------  T H R E A D  ---------------

Current thread (0x00007f2eb0008000):  JavaThread "Unknown thread" [_thread_in_vm, id=15724, stack(0x00007f2eb9cec000,0x00007f2eb9ded000)]

Stack: [0x00007f2eb9cec000,0x00007f2eb9ded000],  sp=0x00007f2eb9deb080,  free space=1020k
Native frames: (J=compiled Java code, j=interpreted, Vv=VM code, C=native code)
V  [libjvm.so+0x7836d5]  VMError::report(outputStream*)+0x1255
V  [libjvm.so+0x783959]  VMError::report_and_die()+0x169
V  [libjvm.so+0x3bb18a]  report_vm_error(char const*, int, char const*, char const*)+0x4a
V  [libjvm.so+0x351555]  ClassFileParser::parseClassFile(symbolHandle, Handle, Handle, KlassHandle, GrowableArray<Handle>*, symbolHandle&, bool, Thread*)+0x1545
V  [libjvm.so+0x3557b3]  ClassLoader::load_classfile(symbolHandle, Thread*)+0x1f3
V  [libjvm.so+0x71b894]  SystemDictionary::load_instance_class(symbolHandle, Handle, Thread*)+0x354
V  [libjvm.so+0x719fa0]  SystemDictionary::resolve_instance_class_or_null(symbolHandle, Handle, Handle, Thread*)+0x7c0
V  [libjvm.so+0x71bf23]  SystemDictionary::resolve_or_fail(symbolHandle, Handle, Handle, bool, Thread*)+0x33
V  [libjvm.so+0x71c004]  SystemDictionary::resolve_or_fail(symbolHandle, bool, Thread*)+0x14
V  [libjvm.so+0x71c0b0]  SystemDictionary::initialize_wk_klass(SystemDictionary::WKID, int, Thread*)+0xa0
V  [libjvm.so+0x71c119]  SystemDictionary::initialize_wk_klasses_until(SystemDictionary::WKID, SystemDictionary::WKID&, Thread*)+0x59
V  [libjvm.so+0x71c211]  SystemDictionary::initialize_preloaded_classes(Thread*)+0x71
V  [libjvm.so+0x75fa8f]  Universe::genesis(Thread*)+0x11f
V  [libjvm.so+0x76043f]  universe2_init()+0x1f
V  [libjvm.so+0x473f25]  init_globals()+0x95
V  [libjvm.so+0x74a3ca]  Threads::create_vm(JavaVMInitArgs*, bool*)+0x1ea
V  [libjvm.so+0x4cdbf1]  JNI_CreateJavaVM+0x61
C  [java+0x317e]  JavaMain+0x7e


---------------  P R O C E S S  ---------------

Java Threads: ( => current thread )

Other Threads:

=>0x00007f2eb0008000 (exited) JavaThread "Unknown thread" [_thread_in_vm, id=15724, stack(0x00007f2eb9cec000,0x00007f2eb9ded000)]

VM state:not at safepoint (not fully initialized)

VM Mutex/Monitor currently owned by a thread: None

Dynamic libraries:
00400000-00409000 r-xp 00000000 08:06 535077                             /usr/lib/jvm/java-6-openjdk-amd64/jre/bin/java
00608000-00609000 r--p 00008000 08:06 535077                             /usr/lib/jvm/java-6-openjdk-amd64/jre/bin/java
00609000-0060a000 rw-p 00009000 08:06 535077                             /usr/lib/jvm/java-6-openjdk-amd64/jre/bin/java
01daf000-01dd0000 rw-p 00000000 00:00 0                                  [heap]
77ae00000-77c2c0000 rw-p 00000000 00:00 0 
77c2c0000-785400000 rw-p 00000000 00:00 0 
785400000-78a5d0000 rw-p 00000000 00:00 0 
78a5d0000-7d7160000 rw-p 00000000 00:00 0 
7d7160000-7d9a40000 rw-p 00000000 00:00 0 
7d9a40000-800000000 rw-p 00000000 00:00 0 
7f2e98000000-7f2e98021000 rw-p 00000000 00:00 0 
7f2e98021000-7f2e9c000000 ---p 00000000 00:00 0 
7f2ea0000000-7f2ea0021000 rw-p 00000000 00:00 0 
7f2ea0021000-7f2ea4000000 ---p 00000000 00:00 0 
7f2ea4000000-7f2ea4021000 rw-p 00000000 00:00 0 
7f2ea4021000-7f2ea8000000 ---p 00000000 00:00 0 
7f2ea8000000-7f2ea8021000 rw-p 00000000 00:00 0 
7f2ea8021000-7f2eac000000 ---p 00000000 00:00 0 
7f2ead000000-7f2ead270000 rwxp 00000000 00:00 0 
7f2ead270000-7f2eb007f000 rw-p 00000000 00:00 0 
7f2eb007f000-7f2eb4000000 ---p 00000000 00:00 0 
7f2eb5f9a000-7f2eb605c000 r--s 010b9000 08:09 3544940                    /home/hesa/android-sdks/platforms/android-16/android.jar
7f2eb605c000-7f2eb6084000 rw-p 00000000 00:00 0 
7f2eb6084000-7f2eb6085000 ---p 00000000 00:00 0 
7f2eb6085000-7f2eb6185000 rw-p 00000000 00:00 0 
7f2eb6185000-7f2eb6186000 ---p 00000000 00:00 0 
7f2eb6186000-7f2eb6286000 rw-p 00000000 00:00 0 
7f2eb6286000-7f2eb6287000 ---p 00000000 00:00 0 
7f2eb6287000-7f2eb6387000 rw-p 00000000 00:00 0 
7f2eb6387000-7f2eb6388000 ---p 00000000 00:00 0 
7f2eb6388000-7f2eb6493000 rw-p 00000000 00:00 0 
7f2eb6493000-7f2eb64db000 rw-p 00000000 00:00 0 
7f2eb64db000-7f2eb6504000 rw-p 00000000 00:00 0 
7f2eb6504000-7f2eb676a000 rw-p 00000000 00:00 0 
7f2eb676a000-7f2eb6775000 rw-p 00000000 00:00 0 
7f2eb6775000-7f2eb67bd000 rw-p 00000000 00:00 0 
7f2eb67bd000-7f2eb67e6000 rw-p 00000000 00:00 0 
7f2eb67e6000-7f2eb6a4b000 rw-p 00000000 00:00 0 
7f2eb6a4b000-7f2eb6a61000 rw-p 00000000 00:00 0 
7f2eb6a61000-7f2eb6b93000 rw-p 00000000 00:00 0 
7f2eb6b93000-7f2eb6b94000 rw-p 00000000 00:00 0 
7f2eb6b94000-7f2eb6b9b000 r-xp 00000000 08:06 535076                     /usr/lib/jvm/java-6-openjdk-amd64/jre/lib/amd64/libzip.so
7f2eb6b9b000-7f2eb6d9a000 ---p 00007000 08:06 535076                     /usr/lib/jvm/java-6-openjdk-amd64/jre/lib/amd64/libzip.so
7f2eb6d9a000-7f2eb6d9b000 r--p 00006000 08:06 535076                     /usr/lib/jvm/java-6-openjdk-amd64/jre/lib/amd64/libzip.so
7f2eb6d9b000-7f2eb6d9c000 rw-p 00007000 08:06 535076                     /usr/lib/jvm/java-6-openjdk-amd64/jre/lib/amd64/libzip.so
7f2eb6d9c000-7f2eb6da8000 r-xp 00000000 08:06 939420                     /lib/x86_64-linux-gnu/libnss_files-2.15.so
7f2eb6da8000-7f2eb6fa7000 ---p 0000c000 08:06 939420                     /lib/x86_64-linux-gnu/libnss_files-2.15.so
7f2eb6fa7000-7f2eb6fa8000 r--p 0000b000 08:06 939420                     /lib/x86_64-linux-gnu/libnss_files-2.15.so
7f2eb6fa8000-7f2eb6fa9000 rw-p 0000c000 08:06 939420                     /lib/x86_64-linux-gnu/libnss_files-2.15.so
7f2eb6fa9000-7f2eb6fb3000 r-xp 00000000 08:06 918276                     /lib/x86_64-linux-gnu/libnss_nis-2.15.so
7f2eb6fb3000-7f2eb71b3000 ---p 0000a000 08:06 918276                     /lib/x86_64-linux-gnu/libnss_nis-2.15.so
7f2eb71b3000-7f2eb71b4000 r--p 0000a000 08:06 918276                     /lib/x86_64-linux-gnu/libnss_nis-2.15.so
7f2eb71b4000-7f2eb71b5000 rw-p 0000b000 08:06 918276                     /lib/x86_64-linux-gnu/libnss_nis-2.15.so
7f2eb71b5000-7f2eb71cc000 r-xp 00000000 08:06 943478                     /lib/x86_64-linux-gnu/libnsl-2.15.so
7f2eb71cc000-7f2eb73cb000 ---p 00017000 08:06 943478                     /lib/x86_64-linux-gnu/libnsl-2.15.so
7f2eb73cb000-7f2eb73cc000 r--p 00016000 08:06 943478                     /lib/x86_64-linux-gnu/libnsl-2.15.so
7f2eb73cc000-7f2eb73cd000 rw-p 00017000 08:06 943478                     /lib/x86_64-linux-gnu/libnsl-2.15.so
7f2eb73cd000-7f2eb73cf000 rw-p 00000000 00:00 0 
7f2eb73cf000-7f2eb73d7000 r-xp 00000000 08:06 943470                     /lib/x86_64-linux-gnu/libnss_compat-2.15.so
7f2eb73d7000-7f2eb75d6000 ---p 00008000 08:06 943470                     /lib/x86_64-linux-gnu/libnss_compat-2.15.so
7f2eb75d6000-7f2eb75d7000 r--p 00007000 08:06 943470                     /lib/x86_64-linux-gnu/libnss_compat-2.15.so
7f2eb75d7000-7f2eb75d8000 rw-p 00008000 08:06 943470                     /lib/x86_64-linux-gnu/libnss_compat-2.15.so
7f2eb75d8000-7f2eb7604000 r-xp 00000000 08:06 535062                     /usr/lib/jvm/java-6-openjdk-amd64/jre/lib/amd64/libjava.so
7f2eb7604000-7f2eb7803000 ---p 0002c000 08:06 535062                     /usr/lib/jvm/java-6-openjdk-amd64/jre/lib/amd64/libjava.so
7f2eb7803000-7f2eb7804000 r--p 0002b000 08:06 535062                     /usr/lib/jvm/java-6-openjdk-amd64/jre/lib/amd64/libjava.so
7f2eb7804000-7f2eb7807000 rw-p 0002c000 08:06 535062                     /usr/lib/jvm/java-6-openjdk-amd64/jre/lib/amd64/libjava.so
7f2eb7807000-7f2eb7815000 r-xp 00000000 08:06 535061                     /usr/lib/jvm/java-6-openjdk-amd64/jre/lib/amd64/libverify.so
7f2eb7815000-7f2eb7a14000 ---p 0000e000 08:06 535061                     /usr/lib/jvm/java-6-openjdk-amd64/jre/lib/amd64/libverify.so
7f2eb7a14000-7f2eb7a16000 r--p 0000d000 08:06 535061                     /usr/lib/jvm/java-6-openjdk-amd64/jre/lib/amd64/libverify.so
7f2eb7a16000-7f2eb7a17000 rw-p 0000f000 08:06 535061                     /usr/lib/jvm/java-6-openjdk-amd64/jre/lib/amd64/libverify.so
7f2eb7a17000-7f2eb7a1e000 r-xp 00000000 08:06 918274                     /lib/x86_64-linux-gnu/librt-2.15.so
7f2eb7a1e000-7f2eb7c1d000 ---p 00007000 08:06 918274                     /lib/x86_64-linux-gnu/librt-2.15.so
7f2eb7c1d000-7f2eb7c1e000 r--p 00006000 08:06 918274                     /lib/x86_64-linux-gnu/librt-2.15.so
7f2eb7c1e000-7f2eb7c1f000 rw-p 00007000 08:06 918274                     /lib/x86_64-linux-gnu/librt-2.15.so
7f2eb7c1f000-7f2eb7c34000 r-xp 00000000 08:06 922305                     /lib/x86_64-linux-gnu/libgcc_s.so.1
7f2eb7c34000-7f2eb7e33000 ---p 00015000 08:06 922305                     /lib/x86_64-linux-gnu/libgcc_s.so.1
7f2eb7e33000-7f2eb7e34000 r--p 00014000 08:06 922305                     /lib/x86_64-linux-gnu/libgcc_s.so.1
7f2eb7e34000-7f2eb7e35000 rw-p 00015000 08:06 922305                     /lib/x86_64-linux-gnu/libgcc_s.so.1
7f2eb7e35000-7f2eb7f2e000 r-xp 00000000 08:06 931565                     /lib/x86_64-linux-gnu/libm-2.15.so
7f2eb7f2e000-7f2eb812d000 ---p 000f9000 08:06 931565                     /lib/x86_64-linux-gnu/libm-2.15.so
7f2eb812d000-7f2eb812e000 r--p 000f8000 08:06 931565                     /lib/x86_64-linux-gnu/libm-2.15.so
7f2eb812e000-7f2eb812f000 rw-p 000f9000 08:06 931565                     /lib/x86_64-linux-gnu/libm-2.15.so
7f2eb812f000-7f2eb8211000 r-xp 00000000 08:06 528087                     /usr/lib/x86_64-linux-gnu/libstdc++.so.6.0.16
7f2eb8211000-7f2eb8410000 ---p 000e2000 08:06 528087                     /usr/lib/x86_64-linux-gnu/libstdc++.so.6.0.16
7f2eb8410000-7f2eb8418000 r--p 000e1000 08:06 528087                     /usr/lib/x86_64-linux-gnu/libstdc++.so.6.0.16
7f2eb8418000-7f2eb841a000 rw-p 000e9000 08:06 528087                     /usr/lib/x86_64-linux-gnu/libstdc++.so.6.0.16
7f2eb841a000-7f2eb842f000 rw-p 00000000 00:00 0 
7f2eb842f000-7f2eb8d33000 r-xp 00000000 08:06 535066                     /usr/lib/jvm/java-6-openjdk-amd64/jre/lib/amd64/server/libjvm.so
7f2eb8d33000-7f2eb8f33000 ---p 00904000 08:06 535066                     /usr/lib/jvm/java-6-openjdk-amd64/jre/lib/amd64/server/libjvm.so
7f2eb8f33000-7f2eb8fb3000 r--p 00904000 08:06 535066                     /usr/lib/jvm/java-6-openjdk-amd64/jre/lib/amd64/server/libjvm.so
7f2eb8fb3000-7f2eb8fce000 rw-p 00984000 08:06 535066                     /usr/lib/jvm/java-6-openjdk-amd64/jre/lib/amd64/server/libjvm.so
7f2eb8fce000-7f2eb8ff7000 rw-p 00000000 00:00 0 
7f2eb8ff7000-7f2eb900d000 r-xp 00000000 08:06 921398                     /lib/x86_64-linux-gnu/libz.so.1.2.3.4
7f2eb900d000-7f2eb920c000 ---p 00016000 08:06 921398                     /lib/x86_64-linux-gnu/libz.so.1.2.3.4
7f2eb920c000-7f2eb920d000 r--p 00015000 08:06 921398                     /lib/x86_64-linux-gnu/libz.so.1.2.3.4
7f2eb920d000-7f2eb920e000 rw-p 00016000 08:06 921398                     /lib/x86_64-linux-gnu/libz.so.1.2.3.4
7f2eb920e000-7f2eb93c3000 r-xp 00000000 08:06 918269                     /lib/x86_64-linux-gnu/libc-2.15.so
7f2eb93c3000-7f2eb95c2000 ---p 001b5000 08:06 918269                     /lib/x86_64-linux-gnu/libc-2.15.so
7f2eb95c2000-7f2eb95c6000 r--p 001b4000 08:06 918269                     /lib/x86_64-linux-gnu/libc-2.15.so
7f2eb95c6000-7f2eb95c8000 rw-p 001b8000 08:06 918269                     /lib/x86_64-linux-gnu/libc-2.15.so
7f2eb95c8000-7f2eb95cd000 rw-p 00000000 00:00 0 
7f2eb95cd000-7f2eb95cf000 r-xp 00000000 08:06 918268                     /lib/x86_64-linux-gnu/libdl-2.15.so
7f2eb95cf000-7f2eb97cf000 ---p 00002000 08:06 918268                     /lib/x86_64-linux-gnu/libdl-2.15.so
7f2eb97cf000-7f2eb97d0000 r--p 00002000 08:06 918268                     /lib/x86_64-linux-gnu/libdl-2.15.so
7f2eb97d0000-7f2eb97d1000 rw-p 00003000 08:06 918268                     /lib/x86_64-linux-gnu/libdl-2.15.so
7f2eb97d1000-7f2eb97d5000 r-xp 00000000 08:06 535046                     /usr/lib/jvm/java-6-openjdk-amd64/jre/lib/amd64/jli/libjli.so
7f2eb97d5000-7f2eb99d4000 ---p 00004000 08:06 535046                     /usr/lib/jvm/java-6-openjdk-amd64/jre/lib/amd64/jli/libjli.so
7f2eb99d4000-7f2eb99d5000 r--p 00003000 08:06 535046                     /usr/lib/jvm/java-6-openjdk-amd64/jre/lib/amd64/jli/libjli.so
7f2eb99d5000-7f2eb99d6000 rw-p 00004000 08:06 535046                     /usr/lib/jvm/java-6-openjdk-amd64/jre/lib/amd64/jli/libjli.so
7f2eb99d6000-7f2eb99ee000 r-xp 00000000 08:06 918271                     /lib/x86_64-linux-gnu/libpthread-2.15.so
7f2eb99ee000-7f2eb9bed000 ---p 00018000 08:06 918271                     /lib/x86_64-linux-gnu/libpthread-2.15.so
7f2eb9bed000-7f2eb9bee000 r--p 00017000 08:06 918271                     /lib/x86_64-linux-gnu/libpthread-2.15.so
7f2eb9bee000-7f2eb9bef000 rw-p 00018000 08:06 918271                     /lib/x86_64-linux-gnu/libpthread-2.15.so
7f2eb9bef000-7f2eb9bf3000 rw-p 00000000 00:00 0 
7f2eb9bf3000-7f2eb9c15000 r-xp 00000000 08:06 943473                     /lib/x86_64-linux-gnu/ld-2.15.so
7f2eb9c2c000-7f2eb9c36000 rw-p 00000000 00:00 0 
7f2eb9c36000-7f2eb9cec000 rw-p 00000000 00:00 0 
7f2eb9cec000-7f2eb9cef000 ---p 00000000 00:00 0 
7f2eb9cef000-7f2eb9df2000 rw-p 00000000 00:00 0 
7f2eb9e09000-7f2eb9e11000 rw-s 00000000 08:06 393470                     /tmp/hsperfdata_hesa/15722
7f2eb9e11000-7f2eb9e12000 rw-p 00000000 00:00 0 
7f2eb9e12000-7f2eb9e13000 r--p 00000000 00:00 0 
7f2eb9e13000-7f2eb9e15000 rw-p 00000000 00:00 0 
7f2eb9e15000-7f2eb9e16000 r--p 00022000 08:06 943473                     /lib/x86_64-linux-gnu/ld-2.15.so
7f2eb9e16000-7f2eb9e18000 rw-p 00023000 08:06 943473                     /lib/x86_64-linux-gnu/ld-2.15.so
7fffc3482000-7fffc34a3000 rw-p 00000000 00:00 0                          [stack]
7fffc3529000-7fffc352a000 r-xp 00000000 00:00 0                          [vdso]
ffffffffff600000-ffffffffff601000 r-xp 00000000 00:00 0                  [vsyscall]

VM Arguments:
jvm_args: -Dfile.encoding=UTF-8 -Xbootclasspath:/home/hesa/android-sdks/platforms/android-16/android.jar 
java_command: org.eclipse.jdt.internal.junit.runner.RemoteTestRunner -version 3 -port 55501 -testLoaderClass org.eclipse.jdt.internal.junit4.runner.JUnit4TestLoader -loaderpluginname org.eclipse.jdt.junit4.runtime -classNames com.example.moon.NadaTest
Launcher Type: SUN_STANDARD

Environment Variables:
PATH=/home/hesa/bin:/usr/lib/lightdm/lightdm:/usr/local/sbin:/usr/local/bin:/usr/sbin:/usr/bin:/sbin:/bin:/usr/games:/home/hesa/.local/bin
LD_LIBRARY_PATH=/usr/lib/jvm/java-6-openjdk-amd64/jre/lib/amd64/server:/usr/lib/jvm/java-6-openjdk-amd64/jre/lib/amd64:/usr/lib/jvm/java-6-openjdk-amd64/jre/../lib/amd64
SHELL=/bin/bash
DISPLAY=:0

Signal Handlers:
SIGSEGV: [libjvm.so+0x784310], sa_mask[0]=0x7ffbfeff, sa_flags=0x10000004
SIGBUS: [libjvm.so+0x784310], sa_mask[0]=0x7ffbfeff, sa_flags=0x10000004
SIGFPE: [libjvm.so+0x648580], sa_mask[0]=0x7ffbfeff, sa_flags=0x10000004
SIGPIPE: [libjvm.so+0x648580], sa_mask[0]=0x7ffbfeff, sa_flags=0x10000004
SIGXFSZ: [libjvm.so+0x648580], sa_mask[0]=0x7ffbfeff, sa_flags=0x10000004
SIGILL: [libjvm.so+0x648580], sa_mask[0]=0x7ffbfeff, sa_flags=0x10000004
SIGUSR1: SIG_DFL, sa_mask[0]=0x00000000, sa_flags=0x00000000
SIGUSR2: [libjvm.so+0x648730], sa_mask[0]=0x00000004, sa_flags=0x10000004
SIGHUP: SIG_DFL, sa_mask[0]=0x00000000, sa_flags=0x00000000
SIGINT: SIG_DFL, sa_mask[0]=0x00000000, sa_flags=0x00000000
SIGTERM: SIG_DFL, sa_mask[0]=0x00000000, sa_flags=0x00000000
SIGQUIT: SIG_DFL, sa_mask[0]=0x00000000, sa_flags=0x00000000


---------------  S Y S T E M  ---------------

OS:Ubuntu 12.04 (precise)
uname:Linux 3.2.0-31-generic #50-Ubuntu SMP Fri Sep 7 16:16:45 UTC 2012 x86_64
libc:glibc 2.15 NPTL 2.15 
rlimit: STACK 8192k, CORE 0k, NPROC 62652, NOFILE 4096, AS infinity
load average:0.46 0.26 0.33

/proc/meminfo:
MemTotal:        8037068 kB
MemFree:         4243148 kB
Buffers:          217880 kB
Cached:          1583012 kB
SwapCached:            0 kB
Active:          2428688 kB
Inactive:        1007280 kB
Active(anon):    1637512 kB
Inactive(anon):    11548 kB
Active(file):     791176 kB
Inactive(file):   995732 kB
Unevictable:          36 kB
Mlocked:              36 kB
SwapTotal:             0 kB
SwapFree:              0 kB
Dirty:             70720 kB
Writeback:             0 kB
AnonPages:       1635460 kB
Mapped:           230864 kB
Shmem:             13684 kB
Slab:             176340 kB
SReclaimable:     143284 kB
SUnreclaim:        33056 kB
KernelStack:        4016 kB
PageTables:        38760 kB
NFS_Unstable:          0 kB
Bounce:                0 kB
WritebackTmp:          0 kB
CommitLimit:     4018532 kB
Committed_AS:    4926196 kB
VmallocTotal:   34359738367 kB
VmallocUsed:      128180 kB
VmallocChunk:   34359602684 kB
HardwareCorrupted:     0 kB
AnonHugePages:         0 kB
HugePages_Total:       0
HugePages_Free:        0
HugePages_Rsvd:        0
HugePages_Surp:        0
Hugepagesize:       2048 kB
DirectMap4k:      135548 kB
DirectMap2M:     8177664 kB


CPU:total 4 (2 cores per cpu, 2 threads per core) family 6 model 37 stepping 5, cmov, cx8, fxsr, mmx, sse, sse2, sse3, ssse3, sse4.1, sse4.2, popcnt, ht

Memory: 4k page, physical 8037068k(4243148k free), swap 0k(0k free)

vm_info: OpenJDK 64-Bit Server VM (20.0-b12) for linux-amd64 JRE (1.6.0_24-b24), built on Sep  2 2012 19:50:47 by "buildd" with gcc 4.6.3

time: Sun Oct  7 11:21:48 2012
elapsed time: 0 seconds

