#
# A fatal error has been detected by the Java Runtime Environment:
#
#  Internal Error (classFileParser.cpp:3494), pid=15508, tid=139824940803840
#  Error: ShouldNotReachHere()
#
# JRE version: 6.0_24-b24
# Java VM: OpenJDK 64-Bit Server VM (20.0-b12 mixed mode linux-amd64 compressed oops)
# Derivative: IcedTea6 1.11.4
# Distribution: Ubuntu 12.04 LTS, package 6b24-1.11.4-1ubuntu0.12.04.1
# If you would like to submit a bug report, please include
# instructions how to reproduce the bug and visit:
#   https://bugs.launchpad.net/ubuntu/+source/openjdk-6/
#

---------------  T H R E A D  ---------------

Current thread (0x00007f2b80008000):  JavaThread "Unknown thread" [_thread_in_vm, id=15514, stack(0x00007f2b87dd6000,0x00007f2b87ed7000)]

Stack: [0x00007f2b87dd6000,0x00007f2b87ed7000],  sp=0x00007f2b87ed5080,  free space=1020k
Native frames: (J=compiled Java code, j=interpreted, Vv=VM code, C=native code)
V  [libjvm.so+0x7836d5]  VMError::report(outputStream*)+0x1255
V  [libjvm.so+0x783959]  VMError::report_and_die()+0x169
V  [libjvm.so+0x3bb18a]  report_vm_error(char const*, int, char const*, char const*)+0x4a
V  [libjvm.so+0x351555]  ClassFileParser::parseClassFile(symbolHandle, Handle, Handle, KlassHandle, GrowableArray<Handle>*, symbolHandle&, bool, Thread*)+0x1545
V  [libjvm.so+0x3557b3]  ClassLoader::load_classfile(symbolHandle, Thread*)+0x1f3
V  [libjvm.so+0x71b894]  SystemDictionary::load_instance_class(symbolHandle, Handle, Thread*)+0x354
V  [libjvm.so+0x719fa0]  SystemDictionary::resolve_instance_class_or_null(symbolHandle, Handle, Handle, Thread*)+0x7c0
V  [libjvm.so+0x71bf23]  SystemDictionary::resolve_or_fail(symbolHandle, Handle, Handle, bool, Thread*)+0x33
V  [libjvm.so+0x71c004]  SystemDictionary::resolve_or_fail(symbolHandle, bool, Thread*)+0x14
V  [libjvm.so+0x71c0b0]  SystemDictionary::initialize_wk_klass(SystemDictionary::WKID, int, Thread*)+0xa0
V  [libjvm.so+0x71c119]  SystemDictionary::initialize_wk_klasses_until(SystemDictionary::WKID, SystemDictionary::WKID&, Thread*)+0x59
V  [libjvm.so+0x71c211]  SystemDictionary::initialize_preloaded_classes(Thread*)+0x71
V  [libjvm.so+0x75fa8f]  Universe::genesis(Thread*)+0x11f
V  [libjvm.so+0x76043f]  universe2_init()+0x1f
V  [libjvm.so+0x473f25]  init_globals()+0x95
V  [libjvm.so+0x74a3ca]  Threads::create_vm(JavaVMInitArgs*, bool*)+0x1ea
V  [libjvm.so+0x4cdbf1]  JNI_CreateJavaVM+0x61
C  [java+0x317e]  JavaMain+0x7e


---------------  P R O C E S S  ---------------

Java Threads: ( => current thread )

Other Threads:

=>0x00007f2b80008000 (exited) JavaThread "Unknown thread" [_thread_in_vm, id=15514, stack(0x00007f2b87dd6000,0x00007f2b87ed7000)]

VM state:not at safepoint (not fully initialized)

VM Mutex/Monitor currently owned by a thread: None

Dynamic libraries:
00400000-00409000 r-xp 00000000 08:06 535077                             /usr/lib/jvm/java-6-openjdk-amd64/jre/bin/java
00608000-00609000 r--p 00008000 08:06 535077                             /usr/lib/jvm/java-6-openjdk-amd64/jre/bin/java
00609000-0060a000 rw-p 00009000 08:06 535077                             /usr/lib/jvm/java-6-openjdk-amd64/jre/bin/java
0154a000-0156b000 rw-p 00000000 00:00 0                                  [heap]
77ae00000-77c2c0000 rw-p 00000000 00:00 0 
77c2c0000-785400000 rw-p 00000000 00:00 0 
785400000-78a5d0000 rw-p 00000000 00:00 0 
78a5d0000-7d7160000 rw-p 00000000 00:00 0 
7d7160000-7d9a40000 rw-p 00000000 00:00 0 
7d9a40000-800000000 rw-p 00000000 00:00 0 
7f2b6c000000-7f2b6c021000 rw-p 00000000 00:00 0 
7f2b6c021000-7f2b70000000 ---p 00000000 00:00 0 
7f2b70000000-7f2b70021000 rw-p 00000000 00:00 0 
7f2b70021000-7f2b74000000 ---p 00000000 00:00 0 
7f2b74000000-7f2b74021000 rw-p 00000000 00:00 0 
7f2b74021000-7f2b78000000 ---p 00000000 00:00 0 
7f2b78000000-7f2b78021000 rw-p 00000000 00:00 0 
7f2b78021000-7f2b7c000000 ---p 00000000 00:00 0 
7f2b7d000000-7f2b7d270000 rwxp 00000000 00:00 0 
7f2b7d270000-7f2b8007f000 rw-p 00000000 00:00 0 
7f2b8007f000-7f2b84000000 ---p 00000000 00:00 0 
7f2b84084000-7f2b84146000 r--s 010b9000 08:09 3544940                    /home/hesa/android-sdks/platforms/android-16/android.jar
7f2b84146000-7f2b8416e000 rw-p 00000000 00:00 0 
7f2b8416e000-7f2b8416f000 ---p 00000000 00:00 0 
7f2b8416f000-7f2b8426f000 rw-p 00000000 00:00 0 
7f2b8426f000-7f2b84270000 ---p 00000000 00:00 0 
7f2b84270000-7f2b84370000 rw-p 00000000 00:00 0 
7f2b84370000-7f2b84371000 ---p 00000000 00:00 0 
7f2b84371000-7f2b84471000 rw-p 00000000 00:00 0 
7f2b84471000-7f2b84472000 ---p 00000000 00:00 0 
7f2b84472000-7f2b8457d000 rw-p 00000000 00:00 0 
7f2b8457d000-7f2b845c5000 rw-p 00000000 00:00 0 
7f2b845c5000-7f2b845ee000 rw-p 00000000 00:00 0 
7f2b845ee000-7f2b84854000 rw-p 00000000 00:00 0 
7f2b84854000-7f2b8485f000 rw-p 00000000 00:00 0 
7f2b8485f000-7f2b848a7000 rw-p 00000000 00:00 0 
7f2b848a7000-7f2b848d0000 rw-p 00000000 00:00 0 
7f2b848d0000-7f2b84b35000 rw-p 00000000 00:00 0 
7f2b84b35000-7f2b84b4b000 rw-p 00000000 00:00 0 
7f2b84b4b000-7f2b84c7d000 rw-p 00000000 00:00 0 
7f2b84c7d000-7f2b84c7e000 rw-p 00000000 00:00 0 
7f2b84c7e000-7f2b84c85000 r-xp 00000000 08:06 535076                     /usr/lib/jvm/java-6-openjdk-amd64/jre/lib/amd64/libzip.so
7f2b84c85000-7f2b84e84000 ---p 00007000 08:06 535076                     /usr/lib/jvm/java-6-openjdk-amd64/jre/lib/amd64/libzip.so
7f2b84e84000-7f2b84e85000 r--p 00006000 08:06 535076                     /usr/lib/jvm/java-6-openjdk-amd64/jre/lib/amd64/libzip.so
7f2b84e85000-7f2b84e86000 rw-p 00007000 08:06 535076                     /usr/lib/jvm/java-6-openjdk-amd64/jre/lib/amd64/libzip.so
7f2b84e86000-7f2b84e92000 r-xp 00000000 08:06 939420                     /lib/x86_64-linux-gnu/libnss_files-2.15.so
7f2b84e92000-7f2b85091000 ---p 0000c000 08:06 939420                     /lib/x86_64-linux-gnu/libnss_files-2.15.so
7f2b85091000-7f2b85092000 r--p 0000b000 08:06 939420                     /lib/x86_64-linux-gnu/libnss_files-2.15.so
7f2b85092000-7f2b85093000 rw-p 0000c000 08:06 939420                     /lib/x86_64-linux-gnu/libnss_files-2.15.so
7f2b85093000-7f2b8509d000 r-xp 00000000 08:06 918276                     /lib/x86_64-linux-gnu/libnss_nis-2.15.so
7f2b8509d000-7f2b8529d000 ---p 0000a000 08:06 918276                     /lib/x86_64-linux-gnu/libnss_nis-2.15.so
7f2b8529d000-7f2b8529e000 r--p 0000a000 08:06 918276                     /lib/x86_64-linux-gnu/libnss_nis-2.15.so
7f2b8529e000-7f2b8529f000 rw-p 0000b000 08:06 918276                     /lib/x86_64-linux-gnu/libnss_nis-2.15.so
7f2b8529f000-7f2b852b6000 r-xp 00000000 08:06 943478                     /lib/x86_64-linux-gnu/libnsl-2.15.so
7f2b852b6000-7f2b854b5000 ---p 00017000 08:06 943478                     /lib/x86_64-linux-gnu/libnsl-2.15.so
7f2b854b5000-7f2b854b6000 r--p 00016000 08:06 943478                     /lib/x86_64-linux-gnu/libnsl-2.15.so
7f2b854b6000-7f2b854b7000 rw-p 00017000 08:06 943478                     /lib/x86_64-linux-gnu/libnsl-2.15.so
7f2b854b7000-7f2b854b9000 rw-p 00000000 00:00 0 
7f2b854b9000-7f2b854c1000 r-xp 00000000 08:06 943470                     /lib/x86_64-linux-gnu/libnss_compat-2.15.so
7f2b854c1000-7f2b856c0000 ---p 00008000 08:06 943470                     /lib/x86_64-linux-gnu/libnss_compat-2.15.so
7f2b856c0000-7f2b856c1000 r--p 00007000 08:06 943470                     /lib/x86_64-linux-gnu/libnss_compat-2.15.so
7f2b856c1000-7f2b856c2000 rw-p 00008000 08:06 943470                     /lib/x86_64-linux-gnu/libnss_compat-2.15.so
7f2b856c2000-7f2b856ee000 r-xp 00000000 08:06 535062                     /usr/lib/jvm/java-6-openjdk-amd64/jre/lib/amd64/libjava.so
7f2b856ee000-7f2b858ed000 ---p 0002c000 08:06 535062                     /usr/lib/jvm/java-6-openjdk-amd64/jre/lib/amd64/libjava.so
7f2b858ed000-7f2b858ee000 r--p 0002b000 08:06 535062                     /usr/lib/jvm/java-6-openjdk-amd64/jre/lib/amd64/libjava.so
7f2b858ee000-7f2b858f1000 rw-p 0002c000 08:06 535062                     /usr/lib/jvm/java-6-openjdk-amd64/jre/lib/amd64/libjava.so
7f2b858f1000-7f2b858ff000 r-xp 00000000 08:06 535061                     /usr/lib/jvm/java-6-openjdk-amd64/jre/lib/amd64/libverify.so
7f2b858ff000-7f2b85afe000 ---p 0000e000 08:06 535061                     /usr/lib/jvm/java-6-openjdk-amd64/jre/lib/amd64/libverify.so
7f2b85afe000-7f2b85b00000 r--p 0000d000 08:06 535061                     /usr/lib/jvm/java-6-openjdk-amd64/jre/lib/amd64/libverify.so
7f2b85b00000-7f2b85b01000 rw-p 0000f000 08:06 535061                     /usr/lib/jvm/java-6-openjdk-amd64/jre/lib/amd64/libverify.so
7f2b85b01000-7f2b85b08000 r-xp 00000000 08:06 918274                     /lib/x86_64-linux-gnu/librt-2.15.so
7f2b85b08000-7f2b85d07000 ---p 00007000 08:06 918274                     /lib/x86_64-linux-gnu/librt-2.15.so
7f2b85d07000-7f2b85d08000 r--p 00006000 08:06 918274                     /lib/x86_64-linux-gnu/librt-2.15.so
7f2b85d08000-7f2b85d09000 rw-p 00007000 08:06 918274                     /lib/x86_64-linux-gnu/librt-2.15.so
7f2b85d09000-7f2b85d1e000 r-xp 00000000 08:06 922305                     /lib/x86_64-linux-gnu/libgcc_s.so.1
7f2b85d1e000-7f2b85f1d000 ---p 00015000 08:06 922305                     /lib/x86_64-linux-gnu/libgcc_s.so.1
7f2b85f1d000-7f2b85f1e000 r--p 00014000 08:06 922305                     /lib/x86_64-linux-gnu/libgcc_s.so.1
7f2b85f1e000-7f2b85f1f000 rw-p 00015000 08:06 922305                     /lib/x86_64-linux-gnu/libgcc_s.so.1
7f2b85f1f000-7f2b86018000 r-xp 00000000 08:06 931565                     /lib/x86_64-linux-gnu/libm-2.15.so
7f2b86018000-7f2b86217000 ---p 000f9000 08:06 931565                     /lib/x86_64-linux-gnu/libm-2.15.so
7f2b86217000-7f2b86218000 r--p 000f8000 08:06 931565                     /lib/x86_64-linux-gnu/libm-2.15.so
7f2b86218000-7f2b86219000 rw-p 000f9000 08:06 931565                     /lib/x86_64-linux-gnu/libm-2.15.so
7f2b86219000-7f2b862fb000 r-xp 00000000 08:06 528087                     /usr/lib/x86_64-linux-gnu/libstdc++.so.6.0.16
7f2b862fb000-7f2b864fa000 ---p 000e2000 08:06 528087                     /usr/lib/x86_64-linux-gnu/libstdc++.so.6.0.16
7f2b864fa000-7f2b86502000 r--p 000e1000 08:06 528087                     /usr/lib/x86_64-linux-gnu/libstdc++.so.6.0.16
7f2b86502000-7f2b86504000 rw-p 000e9000 08:06 528087                     /usr/lib/x86_64-linux-gnu/libstdc++.so.6.0.16
7f2b86504000-7f2b86519000 rw-p 00000000 00:00 0 
7f2b86519000-7f2b86e1d000 r-xp 00000000 08:06 535066                     /usr/lib/jvm/java-6-openjdk-amd64/jre/lib/amd64/server/libjvm.so
7f2b86e1d000-7f2b8701d000 ---p 00904000 08:06 535066                     /usr/lib/jvm/java-6-openjdk-amd64/jre/lib/amd64/server/libjvm.so
7f2b8701d000-7f2b8709d000 r--p 00904000 08:06 535066                     /usr/lib/jvm/java-6-openjdk-amd64/jre/lib/amd64/server/libjvm.so
7f2b8709d000-7f2b870b8000 rw-p 00984000 08:06 535066                     /usr/lib/jvm/java-6-openjdk-amd64/jre/lib/amd64/server/libjvm.so
7f2b870b8000-7f2b870e1000 rw-p 00000000 00:00 0 
7f2b870e1000-7f2b870f7000 r-xp 00000000 08:06 921398                     /lib/x86_64-linux-gnu/libz.so.1.2.3.4
7f2b870f7000-7f2b872f6000 ---p 00016000 08:06 921398                     /lib/x86_64-linux-gnu/libz.so.1.2.3.4
7f2b872f6000-7f2b872f7000 r--p 00015000 08:06 921398                     /lib/x86_64-linux-gnu/libz.so.1.2.3.4
7f2b872f7000-7f2b872f8000 rw-p 00016000 08:06 921398                     /lib/x86_64-linux-gnu/libz.so.1.2.3.4
7f2b872f8000-7f2b874ad000 r-xp 00000000 08:06 918269                     /lib/x86_64-linux-gnu/libc-2.15.so
7f2b874ad000-7f2b876ac000 ---p 001b5000 08:06 918269                     /lib/x86_64-linux-gnu/libc-2.15.so
7f2b876ac000-7f2b876b0000 r--p 001b4000 08:06 918269                     /lib/x86_64-linux-gnu/libc-2.15.so
7f2b876b0000-7f2b876b2000 rw-p 001b8000 08:06 918269                     /lib/x86_64-linux-gnu/libc-2.15.so
7f2b876b2000-7f2b876b7000 rw-p 00000000 00:00 0 
7f2b876b7000-7f2b876b9000 r-xp 00000000 08:06 918268                     /lib/x86_64-linux-gnu/libdl-2.15.so
7f2b876b9000-7f2b878b9000 ---p 00002000 08:06 918268                     /lib/x86_64-linux-gnu/libdl-2.15.so
7f2b878b9000-7f2b878ba000 r--p 00002000 08:06 918268                     /lib/x86_64-linux-gnu/libdl-2.15.so
7f2b878ba000-7f2b878bb000 rw-p 00003000 08:06 918268                     /lib/x86_64-linux-gnu/libdl-2.15.so
7f2b878bb000-7f2b878bf000 r-xp 00000000 08:06 535046                     /usr/lib/jvm/java-6-openjdk-amd64/jre/lib/amd64/jli/libjli.so
7f2b878bf000-7f2b87abe000 ---p 00004000 08:06 535046                     /usr/lib/jvm/java-6-openjdk-amd64/jre/lib/amd64/jli/libjli.so
7f2b87abe000-7f2b87abf000 r--p 00003000 08:06 535046                     /usr/lib/jvm/java-6-openjdk-amd64/jre/lib/amd64/jli/libjli.so
7f2b87abf000-7f2b87ac0000 rw-p 00004000 08:06 535046                     /usr/lib/jvm/java-6-openjdk-amd64/jre/lib/amd64/jli/libjli.so
7f2b87ac0000-7f2b87ad8000 r-xp 00000000 08:06 918271                     /lib/x86_64-linux-gnu/libpthread-2.15.so
7f2b87ad8000-7f2b87cd7000 ---p 00018000 08:06 918271                     /lib/x86_64-linux-gnu/libpthread-2.15.so
7f2b87cd7000-7f2b87cd8000 r--p 00017000 08:06 918271                     /lib/x86_64-linux-gnu/libpthread-2.15.so
7f2b87cd8000-7f2b87cd9000 rw-p 00018000 08:06 918271                     /lib/x86_64-linux-gnu/libpthread-2.15.so
7f2b87cd9000-7f2b87cdd000 rw-p 00000000 00:00 0 
7f2b87cdd000-7f2b87cff000 r-xp 00000000 08:06 943473                     /lib/x86_64-linux-gnu/ld-2.15.so
7f2b87d16000-7f2b87d20000 rw-p 00000000 00:00 0 
7f2b87d20000-7f2b87dd6000 rw-p 00000000 00:00 0 
7f2b87dd6000-7f2b87dd9000 ---p 00000000 00:00 0 
7f2b87dd9000-7f2b87edc000 rw-p 00000000 00:00 0 
7f2b87ef3000-7f2b87efb000 rw-s 00000000 08:06 393402                     /tmp/hsperfdata_hesa/15508
7f2b87efb000-7f2b87efc000 rw-p 00000000 00:00 0 
7f2b87efc000-7f2b87efd000 r--p 00000000 00:00 0 
7f2b87efd000-7f2b87eff000 rw-p 00000000 00:00 0 
7f2b87eff000-7f2b87f00000 r--p 00022000 08:06 943473                     /lib/x86_64-linux-gnu/ld-2.15.so
7f2b87f00000-7f2b87f02000 rw-p 00023000 08:06 943473                     /lib/x86_64-linux-gnu/ld-2.15.so
7fffe2933000-7fffe2954000 rw-p 00000000 00:00 0                          [stack]
7fffe299e000-7fffe299f000 r-xp 00000000 00:00 0                          [vdso]
ffffffffff600000-ffffffffff601000 r-xp 00000000 00:00 0                  [vsyscall]

VM Arguments:
jvm_args: -Dfile.encoding=UTF-8 -Xbootclasspath:/home/hesa/android-sdks/platforms/android-16/android.jar 
java_command: org.eclipse.jdt.internal.junit.runner.RemoteTestRunner -version 3 -port 41280 -testLoaderClass org.eclipse.jdt.internal.junit4.runner.JUnit4TestLoader -loaderpluginname org.eclipse.jdt.junit4.runtime -classNames com.example.moon.NadaTest
Launcher Type: SUN_STANDARD

Environment Variables:
PATH=/home/hesa/bin:/usr/lib/lightdm/lightdm:/usr/local/sbin:/usr/local/bin:/usr/sbin:/usr/bin:/sbin:/bin:/usr/games:/home/hesa/.local/bin
LD_LIBRARY_PATH=/usr/lib/jvm/java-6-openjdk-amd64/jre/lib/amd64/server:/usr/lib/jvm/java-6-openjdk-amd64/jre/lib/amd64:/usr/lib/jvm/java-6-openjdk-amd64/jre/../lib/amd64
SHELL=/bin/bash
DISPLAY=:0

Signal Handlers:
SIGSEGV: [libjvm.so+0x784310], sa_mask[0]=0x7ffbfeff, sa_flags=0x10000004
SIGBUS: [libjvm.so+0x784310], sa_mask[0]=0x7ffbfeff, sa_flags=0x10000004
SIGFPE: [libjvm.so+0x648580], sa_mask[0]=0x7ffbfeff, sa_flags=0x10000004
SIGPIPE: [libjvm.so+0x648580], sa_mask[0]=0x7ffbfeff, sa_flags=0x10000004
SIGXFSZ: [libjvm.so+0x648580], sa_mask[0]=0x7ffbfeff, sa_flags=0x10000004
SIGILL: [libjvm.so+0x648580], sa_mask[0]=0x7ffbfeff, sa_flags=0x10000004
SIGUSR1: SIG_DFL, sa_mask[0]=0x00000000, sa_flags=0x00000000
SIGUSR2: [libjvm.so+0x648730], sa_mask[0]=0x00000004, sa_flags=0x10000004
SIGHUP: SIG_DFL, sa_mask[0]=0x00000000, sa_flags=0x00000000
SIGINT: SIG_DFL, sa_mask[0]=0x00000000, sa_flags=0x00000000
SIGTERM: SIG_DFL, sa_mask[0]=0x00000000, sa_flags=0x00000000
SIGQUIT: SIG_DFL, sa_mask[0]=0x00000000, sa_flags=0x00000000


---------------  S Y S T E M  ---------------

OS:Ubuntu 12.04 (precise)
uname:Linux 3.2.0-31-generic #50-Ubuntu SMP Fri Sep 7 16:16:45 UTC 2012 x86_64
libc:glibc 2.15 NPTL 2.15 
rlimit: STACK 8192k, CORE 0k, NPROC 62652, NOFILE 4096, AS infinity
load average:0.38 0.32 0.41

/proc/meminfo:
MemTotal:        8037068 kB
MemFree:         4912452 kB
Buffers:          216388 kB
Cached:          1119184 kB
SwapCached:            0 kB
Active:          2031836 kB
Inactive:         747716 kB
Active(anon):    1446184 kB
Inactive(anon):     9324 kB
Active(file):     585652 kB
Inactive(file):   738392 kB
Unevictable:          36 kB
Mlocked:              36 kB
SwapTotal:             0 kB
SwapFree:              0 kB
Dirty:               124 kB
Writeback:             0 kB
AnonPages:       1444068 kB
Mapped:           211456 kB
Shmem:             11540 kB
Slab:             168556 kB
SReclaimable:     135976 kB
SUnreclaim:        32580 kB
KernelStack:        3792 kB
PageTables:        37184 kB
NFS_Unstable:          0 kB
Bounce:                0 kB
WritebackTmp:          0 kB
CommitLimit:     4018532 kB
Committed_AS:    3803348 kB
VmallocTotal:   34359738367 kB
VmallocUsed:      128164 kB
VmallocChunk:   34359602684 kB
HardwareCorrupted:     0 kB
AnonHugePages:         0 kB
HugePages_Total:       0
HugePages_Free:        0
HugePages_Rsvd:        0
HugePages_Surp:        0
Hugepagesize:       2048 kB
DirectMap4k:      135548 kB
DirectMap2M:     8177664 kB


CPU:total 4 (2 cores per cpu, 2 threads per core) family 6 model 37 stepping 5, cmov, cx8, fxsr, mmx, sse, sse2, sse3, ssse3, sse4.1, sse4.2, popcnt, ht

Memory: 4k page, physical 8037068k(4912452k free), swap 0k(0k free)

vm_info: OpenJDK 64-Bit Server VM (20.0-b12) for linux-amd64 JRE (1.6.0_24-b24), built on Sep  2 2012 19:50:47 by "buildd" with gcc 4.6.3

time: Sun Oct  7 11:14:26 2012
elapsed time: 0 seconds

