#
# A fatal error has been detected by the Java Runtime Environment:
#
#  Internal Error (classFileParser.cpp:3494), pid=15148, tid=139738072463104
#  Error: ShouldNotReachHere()
#
# JRE version: 6.0_24-b24
# Java VM: OpenJDK 64-Bit Server VM (20.0-b12 mixed mode linux-amd64 compressed oops)
# Derivative: IcedTea6 1.11.4
# Distribution: Ubuntu 12.04 LTS, package 6b24-1.11.4-1ubuntu0.12.04.1
# If you would like to submit a bug report, please include
# instructions how to reproduce the bug and visit:
#   https://bugs.launchpad.net/ubuntu/+source/openjdk-6/
#

---------------  T H R E A D  ---------------

Current thread (0x00007f1748008000):  JavaThread "Unknown thread" [_thread_in_vm, id=15149, stack(0x00007f174e1bb000,0x00007f174e2bc000)]

Stack: [0x00007f174e1bb000,0x00007f174e2bc000],  sp=0x00007f174e2ba080,  free space=1020k
Native frames: (J=compiled Java code, j=interpreted, Vv=VM code, C=native code)
V  [libjvm.so+0x7836d5]  VMError::report(outputStream*)+0x1255
V  [libjvm.so+0x783959]  VMError::report_and_die()+0x169
V  [libjvm.so+0x3bb18a]  report_vm_error(char const*, int, char const*, char const*)+0x4a
V  [libjvm.so+0x351555]  ClassFileParser::parseClassFile(symbolHandle, Handle, Handle, KlassHandle, GrowableArray<Handle>*, symbolHandle&, bool, Thread*)+0x1545
V  [libjvm.so+0x3557b3]  ClassLoader::load_classfile(symbolHandle, Thread*)+0x1f3
V  [libjvm.so+0x71b894]  SystemDictionary::load_instance_class(symbolHandle, Handle, Thread*)+0x354
V  [libjvm.so+0x719fa0]  SystemDictionary::resolve_instance_class_or_null(symbolHandle, Handle, Handle, Thread*)+0x7c0
V  [libjvm.so+0x71bf23]  SystemDictionary::resolve_or_fail(symbolHandle, Handle, Handle, bool, Thread*)+0x33
V  [libjvm.so+0x71c004]  SystemDictionary::resolve_or_fail(symbolHandle, bool, Thread*)+0x14
V  [libjvm.so+0x71c0b0]  SystemDictionary::initialize_wk_klass(SystemDictionary::WKID, int, Thread*)+0xa0
V  [libjvm.so+0x71c119]  SystemDictionary::initialize_wk_klasses_until(SystemDictionary::WKID, SystemDictionary::WKID&, Thread*)+0x59
V  [libjvm.so+0x71c211]  SystemDictionary::initialize_preloaded_classes(Thread*)+0x71
V  [libjvm.so+0x75fa8f]  Universe::genesis(Thread*)+0x11f
V  [libjvm.so+0x76043f]  universe2_init()+0x1f
V  [libjvm.so+0x473f25]  init_globals()+0x95
V  [libjvm.so+0x74a3ca]  Threads::create_vm(JavaVMInitArgs*, bool*)+0x1ea
V  [libjvm.so+0x4cdbf1]  JNI_CreateJavaVM+0x61
C  [java+0x317e]  JavaMain+0x7e


---------------  P R O C E S S  ---------------

Java Threads: ( => current thread )

Other Threads:

=>0x00007f1748008000 (exited) JavaThread "Unknown thread" [_thread_in_vm, id=15149, stack(0x00007f174e1bb000,0x00007f174e2bc000)]

VM state:not at safepoint (not fully initialized)

VM Mutex/Monitor currently owned by a thread: None

Dynamic libraries:
00400000-00409000 r-xp 00000000 08:06 535077                             /usr/lib/jvm/java-6-openjdk-amd64/jre/bin/java
00608000-00609000 r--p 00008000 08:06 535077                             /usr/lib/jvm/java-6-openjdk-amd64/jre/bin/java
00609000-0060a000 rw-p 00009000 08:06 535077                             /usr/lib/jvm/java-6-openjdk-amd64/jre/bin/java
025ff000-02620000 rw-p 00000000 00:00 0                                  [heap]
77ae00000-77c2c0000 rw-p 00000000 00:00 0 
77c2c0000-785400000 rw-p 00000000 00:00 0 
785400000-78a5d0000 rw-p 00000000 00:00 0 
78a5d0000-7d7160000 rw-p 00000000 00:00 0 
7d7160000-7d9a40000 rw-p 00000000 00:00 0 
7d9a40000-800000000 rw-p 00000000 00:00 0 
7f1724000000-7f1724021000 rw-p 00000000 00:00 0 
7f1724021000-7f1728000000 ---p 00000000 00:00 0 
7f172c000000-7f172c021000 rw-p 00000000 00:00 0 
7f172c021000-7f1730000000 ---p 00000000 00:00 0 
7f1734000000-7f1734021000 rw-p 00000000 00:00 0 
7f1734021000-7f1738000000 ---p 00000000 00:00 0 
7f173c000000-7f173c021000 rw-p 00000000 00:00 0 
7f173c021000-7f1740000000 ---p 00000000 00:00 0 
7f17433f6000-7f17434b8000 r--s 010b9000 08:09 3544940                    /home/hesa/android-sdks/platforms/android-16/android.jar
7f17434b8000-7f17434b9000 ---p 00000000 00:00 0 
7f17434b9000-7f17435b9000 rw-p 00000000 00:00 0 
7f17435b9000-7f17435ba000 ---p 00000000 00:00 0 
7f17435ba000-7f17436ba000 rw-p 00000000 00:00 0 
7f17436ba000-7f17436bb000 ---p 00000000 00:00 0 
7f17436bb000-7f17437bb000 rw-p 00000000 00:00 0 
7f17437bb000-7f17437bc000 ---p 00000000 00:00 0 
7f17437bc000-7f17438e5000 rw-p 00000000 00:00 0 
7f17438e5000-7f1743b4b000 rw-p 00000000 00:00 0 
7f1743b4b000-7f1743b56000 rw-p 00000000 00:00 0 
7f1743b56000-7f1743b9e000 rw-p 00000000 00:00 0 
7f1743b9e000-7f1743bc7000 rw-p 00000000 00:00 0 
7f1743bc7000-7f1743e2c000 rw-p 00000000 00:00 0 
7f1743e2c000-7f1743e42000 rw-p 00000000 00:00 0 
7f1743e42000-7f1743f74000 rw-p 00000000 00:00 0 
7f1743f74000-7f1743f75000 rw-p 00000000 00:00 0 
7f1743f75000-7f17441e5000 rwxp 00000000 00:00 0 
7f17441e5000-7f1746f75000 rw-p 00000000 00:00 0 
7f1746f75000-7f1746f7c000 r-xp 00000000 08:06 535076                     /usr/lib/jvm/java-6-openjdk-amd64/jre/lib/amd64/libzip.so
7f1746f7c000-7f174717b000 ---p 00007000 08:06 535076                     /usr/lib/jvm/java-6-openjdk-amd64/jre/lib/amd64/libzip.so
7f174717b000-7f174717c000 r--p 00006000 08:06 535076                     /usr/lib/jvm/java-6-openjdk-amd64/jre/lib/amd64/libzip.so
7f174717c000-7f174717d000 rw-p 00007000 08:06 535076                     /usr/lib/jvm/java-6-openjdk-amd64/jre/lib/amd64/libzip.so
7f174717d000-7f1747189000 r-xp 00000000 08:06 939420                     /lib/x86_64-linux-gnu/libnss_files-2.15.so
7f1747189000-7f1747388000 ---p 0000c000 08:06 939420                     /lib/x86_64-linux-gnu/libnss_files-2.15.so
7f1747388000-7f1747389000 r--p 0000b000 08:06 939420                     /lib/x86_64-linux-gnu/libnss_files-2.15.so
7f1747389000-7f174738a000 rw-p 0000c000 08:06 939420                     /lib/x86_64-linux-gnu/libnss_files-2.15.so
7f174738a000-7f1747394000 r-xp 00000000 08:06 918276                     /lib/x86_64-linux-gnu/libnss_nis-2.15.so
7f1747394000-7f1747594000 ---p 0000a000 08:06 918276                     /lib/x86_64-linux-gnu/libnss_nis-2.15.so
7f1747594000-7f1747595000 r--p 0000a000 08:06 918276                     /lib/x86_64-linux-gnu/libnss_nis-2.15.so
7f1747595000-7f1747596000 rw-p 0000b000 08:06 918276                     /lib/x86_64-linux-gnu/libnss_nis-2.15.so
7f1747596000-7f17475ad000 r-xp 00000000 08:06 943478                     /lib/x86_64-linux-gnu/libnsl-2.15.so
7f17475ad000-7f17477ac000 ---p 00017000 08:06 943478                     /lib/x86_64-linux-gnu/libnsl-2.15.so
7f17477ac000-7f17477ad000 r--p 00016000 08:06 943478                     /lib/x86_64-linux-gnu/libnsl-2.15.so
7f17477ad000-7f17477ae000 rw-p 00017000 08:06 943478                     /lib/x86_64-linux-gnu/libnsl-2.15.so
7f17477ae000-7f17477b0000 rw-p 00000000 00:00 0 
7f17477b0000-7f17477b8000 r-xp 00000000 08:06 943470                     /lib/x86_64-linux-gnu/libnss_compat-2.15.so
7f17477b8000-7f17479b7000 ---p 00008000 08:06 943470                     /lib/x86_64-linux-gnu/libnss_compat-2.15.so
7f17479b7000-7f17479b8000 r--p 00007000 08:06 943470                     /lib/x86_64-linux-gnu/libnss_compat-2.15.so
7f17479b8000-7f17479b9000 rw-p 00008000 08:06 943470                     /lib/x86_64-linux-gnu/libnss_compat-2.15.so
7f17479b9000-7f17479e5000 r-xp 00000000 08:06 535062                     /usr/lib/jvm/java-6-openjdk-amd64/jre/lib/amd64/libjava.so
7f17479e5000-7f1747be4000 ---p 0002c000 08:06 535062                     /usr/lib/jvm/java-6-openjdk-amd64/jre/lib/amd64/libjava.so
7f1747be4000-7f1747be5000 r--p 0002b000 08:06 535062                     /usr/lib/jvm/java-6-openjdk-amd64/jre/lib/amd64/libjava.so
7f1747be5000-7f1747be8000 rw-p 0002c000 08:06 535062                     /usr/lib/jvm/java-6-openjdk-amd64/jre/lib/amd64/libjava.so
7f1747be8000-7f1747bf6000 r-xp 00000000 08:06 535061                     /usr/lib/jvm/java-6-openjdk-amd64/jre/lib/amd64/libverify.so
7f1747bf6000-7f1747df5000 ---p 0000e000 08:06 535061                     /usr/lib/jvm/java-6-openjdk-amd64/jre/lib/amd64/libverify.so
7f1747df5000-7f1747df7000 r--p 0000d000 08:06 535061                     /usr/lib/jvm/java-6-openjdk-amd64/jre/lib/amd64/libverify.so
7f1747df7000-7f1747df8000 rw-p 0000f000 08:06 535061                     /usr/lib/jvm/java-6-openjdk-amd64/jre/lib/amd64/libverify.so
7f1747df8000-7f1747dff000 r-xp 00000000 08:06 918274                     /lib/x86_64-linux-gnu/librt-2.15.so
7f1747dff000-7f1747ffe000 ---p 00007000 08:06 918274                     /lib/x86_64-linux-gnu/librt-2.15.so
7f1747ffe000-7f1747fff000 r--p 00006000 08:06 918274                     /lib/x86_64-linux-gnu/librt-2.15.so
7f1747fff000-7f1748000000 rw-p 00007000 08:06 918274                     /lib/x86_64-linux-gnu/librt-2.15.so
7f1748000000-7f174807f000 rw-p 00000000 00:00 0 
7f174807f000-7f174c000000 ---p 00000000 00:00 0 
7f174c073000-7f174c0a6000 rw-p 00000000 00:00 0 
7f174c0a6000-7f174c0ee000 rw-p 00000000 00:00 0 
7f174c0ee000-7f174c103000 r-xp 00000000 08:06 922305                     /lib/x86_64-linux-gnu/libgcc_s.so.1
7f174c103000-7f174c302000 ---p 00015000 08:06 922305                     /lib/x86_64-linux-gnu/libgcc_s.so.1
7f174c302000-7f174c303000 r--p 00014000 08:06 922305                     /lib/x86_64-linux-gnu/libgcc_s.so.1
7f174c303000-7f174c304000 rw-p 00015000 08:06 922305                     /lib/x86_64-linux-gnu/libgcc_s.so.1
7f174c304000-7f174c3fd000 r-xp 00000000 08:06 931565                     /lib/x86_64-linux-gnu/libm-2.15.so
7f174c3fd000-7f174c5fc000 ---p 000f9000 08:06 931565                     /lib/x86_64-linux-gnu/libm-2.15.so
7f174c5fc000-7f174c5fd000 r--p 000f8000 08:06 931565                     /lib/x86_64-linux-gnu/libm-2.15.so
7f174c5fd000-7f174c5fe000 rw-p 000f9000 08:06 931565                     /lib/x86_64-linux-gnu/libm-2.15.so
7f174c5fe000-7f174c6e0000 r-xp 00000000 08:06 528087                     /usr/lib/x86_64-linux-gnu/libstdc++.so.6.0.16
7f174c6e0000-7f174c8df000 ---p 000e2000 08:06 528087                     /usr/lib/x86_64-linux-gnu/libstdc++.so.6.0.16
7f174c8df000-7f174c8e7000 r--p 000e1000 08:06 528087                     /usr/lib/x86_64-linux-gnu/libstdc++.so.6.0.16
7f174c8e7000-7f174c8e9000 rw-p 000e9000 08:06 528087                     /usr/lib/x86_64-linux-gnu/libstdc++.so.6.0.16
7f174c8e9000-7f174c8fe000 rw-p 00000000 00:00 0 
7f174c8fe000-7f174d202000 r-xp 00000000 08:06 535066                     /usr/lib/jvm/java-6-openjdk-amd64/jre/lib/amd64/server/libjvm.so
7f174d202000-7f174d402000 ---p 00904000 08:06 535066                     /usr/lib/jvm/java-6-openjdk-amd64/jre/lib/amd64/server/libjvm.so
7f174d402000-7f174d482000 r--p 00904000 08:06 535066                     /usr/lib/jvm/java-6-openjdk-amd64/jre/lib/amd64/server/libjvm.so
7f174d482000-7f174d49d000 rw-p 00984000 08:06 535066                     /usr/lib/jvm/java-6-openjdk-amd64/jre/lib/amd64/server/libjvm.so
7f174d49d000-7f174d4c6000 rw-p 00000000 00:00 0 
7f174d4c6000-7f174d4dc000 r-xp 00000000 08:06 921398                     /lib/x86_64-linux-gnu/libz.so.1.2.3.4
7f174d4dc000-7f174d6db000 ---p 00016000 08:06 921398                     /lib/x86_64-linux-gnu/libz.so.1.2.3.4
7f174d6db000-7f174d6dc000 r--p 00015000 08:06 921398                     /lib/x86_64-linux-gnu/libz.so.1.2.3.4
7f174d6dc000-7f174d6dd000 rw-p 00016000 08:06 921398                     /lib/x86_64-linux-gnu/libz.so.1.2.3.4
7f174d6dd000-7f174d892000 r-xp 00000000 08:06 918269                     /lib/x86_64-linux-gnu/libc-2.15.so
7f174d892000-7f174da91000 ---p 001b5000 08:06 918269                     /lib/x86_64-linux-gnu/libc-2.15.so
7f174da91000-7f174da95000 r--p 001b4000 08:06 918269                     /lib/x86_64-linux-gnu/libc-2.15.so
7f174da95000-7f174da97000 rw-p 001b8000 08:06 918269                     /lib/x86_64-linux-gnu/libc-2.15.so
7f174da97000-7f174da9c000 rw-p 00000000 00:00 0 
7f174da9c000-7f174da9e000 r-xp 00000000 08:06 918268                     /lib/x86_64-linux-gnu/libdl-2.15.so
7f174da9e000-7f174dc9e000 ---p 00002000 08:06 918268                     /lib/x86_64-linux-gnu/libdl-2.15.so
7f174dc9e000-7f174dc9f000 r--p 00002000 08:06 918268                     /lib/x86_64-linux-gnu/libdl-2.15.so
7f174dc9f000-7f174dca0000 rw-p 00003000 08:06 918268                     /lib/x86_64-linux-gnu/libdl-2.15.so
7f174dca0000-7f174dca4000 r-xp 00000000 08:06 535046                     /usr/lib/jvm/java-6-openjdk-amd64/jre/lib/amd64/jli/libjli.so
7f174dca4000-7f174dea3000 ---p 00004000 08:06 535046                     /usr/lib/jvm/java-6-openjdk-amd64/jre/lib/amd64/jli/libjli.so
7f174dea3000-7f174dea4000 r--p 00003000 08:06 535046                     /usr/lib/jvm/java-6-openjdk-amd64/jre/lib/amd64/jli/libjli.so
7f174dea4000-7f174dea5000 rw-p 00004000 08:06 535046                     /usr/lib/jvm/java-6-openjdk-amd64/jre/lib/amd64/jli/libjli.so
7f174dea5000-7f174debd000 r-xp 00000000 08:06 918271                     /lib/x86_64-linux-gnu/libpthread-2.15.so
7f174debd000-7f174e0bc000 ---p 00018000 08:06 918271                     /lib/x86_64-linux-gnu/libpthread-2.15.so
7f174e0bc000-7f174e0bd000 r--p 00017000 08:06 918271                     /lib/x86_64-linux-gnu/libpthread-2.15.so
7f174e0bd000-7f174e0be000 rw-p 00018000 08:06 918271                     /lib/x86_64-linux-gnu/libpthread-2.15.so
7f174e0be000-7f174e0c2000 rw-p 00000000 00:00 0 
7f174e0c2000-7f174e0e4000 r-xp 00000000 08:06 943473                     /lib/x86_64-linux-gnu/ld-2.15.so
7f174e0fb000-7f174e105000 rw-p 00000000 00:00 0 
7f174e105000-7f174e1bb000 rw-p 00000000 00:00 0 
7f174e1bb000-7f174e1be000 ---p 00000000 00:00 0 
7f174e1be000-7f174e2c1000 rw-p 00000000 00:00 0 
7f174e2d8000-7f174e2e0000 rw-s 00000000 08:06 393402                     /tmp/hsperfdata_hesa/15148
7f174e2e0000-7f174e2e1000 rw-p 00000000 00:00 0 
7f174e2e1000-7f174e2e2000 r--p 00000000 00:00 0 
7f174e2e2000-7f174e2e4000 rw-p 00000000 00:00 0 
7f174e2e4000-7f174e2e5000 r--p 00022000 08:06 943473                     /lib/x86_64-linux-gnu/ld-2.15.so
7f174e2e5000-7f174e2e7000 rw-p 00023000 08:06 943473                     /lib/x86_64-linux-gnu/ld-2.15.so
7fffecb97000-7fffecbb8000 rw-p 00000000 00:00 0                          [stack]
7fffecbff000-7fffecc00000 r-xp 00000000 00:00 0                          [vdso]
ffffffffff600000-ffffffffff601000 r-xp 00000000 00:00 0                  [vsyscall]

VM Arguments:
jvm_args: -Dfile.encoding=UTF-8 -Xbootclasspath:/home/hesa/android-sdks/platforms/android-16/android.jar 
java_command: org.eclipse.jdt.internal.junit.runner.RemoteTestRunner -version 3 -port 46735 -testLoaderClass org.eclipse.jdt.internal.junit4.runner.JUnit4TestLoader -loaderpluginname org.eclipse.jdt.junit4.runtime -classNames com.example.moon.NadaTest
Launcher Type: SUN_STANDARD

Environment Variables:
PATH=/home/hesa/bin:/usr/lib/lightdm/lightdm:/usr/local/sbin:/usr/local/bin:/usr/sbin:/usr/bin:/sbin:/bin:/usr/games:/home/hesa/.local/bin
LD_LIBRARY_PATH=/usr/lib/jvm/java-6-openjdk-amd64/jre/lib/amd64/server:/usr/lib/jvm/java-6-openjdk-amd64/jre/lib/amd64:/usr/lib/jvm/java-6-openjdk-amd64/jre/../lib/amd64
SHELL=/bin/bash
DISPLAY=:0

Signal Handlers:
SIGSEGV: [libjvm.so+0x784310], sa_mask[0]=0x7ffbfeff, sa_flags=0x10000004
SIGBUS: [libjvm.so+0x784310], sa_mask[0]=0x7ffbfeff, sa_flags=0x10000004
SIGFPE: [libjvm.so+0x648580], sa_mask[0]=0x7ffbfeff, sa_flags=0x10000004
SIGPIPE: [libjvm.so+0x648580], sa_mask[0]=0x7ffbfeff, sa_flags=0x10000004
SIGXFSZ: [libjvm.so+0x648580], sa_mask[0]=0x7ffbfeff, sa_flags=0x10000004
SIGILL: [libjvm.so+0x648580], sa_mask[0]=0x7ffbfeff, sa_flags=0x10000004
SIGUSR1: SIG_DFL, sa_mask[0]=0x00000000, sa_flags=0x00000000
SIGUSR2: [libjvm.so+0x648730], sa_mask[0]=0x00000004, sa_flags=0x10000004
SIGHUP: SIG_DFL, sa_mask[0]=0x00000000, sa_flags=0x00000000
SIGINT: SIG_DFL, sa_mask[0]=0x00000000, sa_flags=0x00000000
SIGTERM: SIG_DFL, sa_mask[0]=0x00000000, sa_flags=0x00000000
SIGQUIT: SIG_DFL, sa_mask[0]=0x00000000, sa_flags=0x00000000


---------------  S Y S T E M  ---------------

OS:Ubuntu 12.04 (precise)
uname:Linux 3.2.0-31-generic #50-Ubuntu SMP Fri Sep 7 16:16:45 UTC 2012 x86_64
libc:glibc 2.15 NPTL 2.15 
rlimit: STACK 8192k, CORE 0k, NPROC 62652, NOFILE 4096, AS infinity
load average:0.20 0.26 0.40

/proc/meminfo:
MemTotal:        8037068 kB
MemFree:         4963820 kB
Buffers:          215028 kB
Cached:          1104440 kB
SwapCached:            0 kB
Active:          1972440 kB
Inactive:         758380 kB
Active(anon):    1413972 kB
Inactive(anon):     9324 kB
Active(file):     558468 kB
Inactive(file):   749056 kB
Unevictable:          36 kB
Mlocked:              36 kB
SwapTotal:             0 kB
SwapFree:              0 kB
Dirty:               544 kB
Writeback:             0 kB
AnonPages:       1411692 kB
Mapped:           210852 kB
Shmem:             11540 kB
Slab:             165688 kB
SReclaimable:     133112 kB
SUnreclaim:        32576 kB
KernelStack:        3816 kB
PageTables:        37092 kB
NFS_Unstable:          0 kB
Bounce:                0 kB
WritebackTmp:          0 kB
CommitLimit:     4018532 kB
Committed_AS:    3774896 kB
VmallocTotal:   34359738367 kB
VmallocUsed:      128164 kB
VmallocChunk:   34359602684 kB
HardwareCorrupted:     0 kB
AnonHugePages:         0 kB
HugePages_Total:       0
HugePages_Free:        0
HugePages_Rsvd:        0
HugePages_Surp:        0
Hugepagesize:       2048 kB
DirectMap4k:      135548 kB
DirectMap2M:     8177664 kB


CPU:total 4 (2 cores per cpu, 2 threads per core) family 6 model 37 stepping 5, cmov, cx8, fxsr, mmx, sse, sse2, sse3, ssse3, sse4.1, sse4.2, popcnt, ht

Memory: 4k page, physical 8037068k(4963820k free), swap 0k(0k free)

vm_info: OpenJDK 64-Bit Server VM (20.0-b12) for linux-amd64 JRE (1.6.0_24-b24), built on Sep  2 2012 19:50:47 by "buildd" with gcc 4.6.3

time: Sun Oct  7 11:10:59 2012
elapsed time: 0 seconds

