#
# A fatal error has been detected by the Java Runtime Environment:
#
#  Internal Error (classFileParser.cpp:3494), pid=15812, tid=139649316497152
#  Error: ShouldNotReachHere()
#
# JRE version: 6.0_24-b24
# Java VM: OpenJDK 64-Bit Server VM (20.0-b12 mixed mode linux-amd64 compressed oops)
# Derivative: IcedTea6 1.11.4
# Distribution: Ubuntu 12.04 LTS, package 6b24-1.11.4-1ubuntu0.12.04.1
# If you would like to submit a bug report, please include
# instructions how to reproduce the bug and visit:
#   https://bugs.launchpad.net/ubuntu/+source/openjdk-6/
#

---------------  T H R E A D  ---------------

Current thread (0x00007f029c008000):  JavaThread "Unknown thread" [_thread_in_vm, id=15818, stack(0x00007f02a3d72000,0x00007f02a3e73000)]

Stack: [0x00007f02a3d72000,0x00007f02a3e73000],  sp=0x00007f02a3e71080,  free space=1020k
Native frames: (J=compiled Java code, j=interpreted, Vv=VM code, C=native code)
V  [libjvm.so+0x7836d5]  VMError::report(outputStream*)+0x1255
V  [libjvm.so+0x783959]  VMError::report_and_die()+0x169
V  [libjvm.so+0x3bb18a]  report_vm_error(char const*, int, char const*, char const*)+0x4a
V  [libjvm.so+0x351555]  ClassFileParser::parseClassFile(symbolHandle, Handle, Handle, KlassHandle, GrowableArray<Handle>*, symbolHandle&, bool, Thread*)+0x1545
V  [libjvm.so+0x3557b3]  ClassLoader::load_classfile(symbolHandle, Thread*)+0x1f3
V  [libjvm.so+0x71b894]  SystemDictionary::load_instance_class(symbolHandle, Handle, Thread*)+0x354
V  [libjvm.so+0x719fa0]  SystemDictionary::resolve_instance_class_or_null(symbolHandle, Handle, Handle, Thread*)+0x7c0
V  [libjvm.so+0x71bf23]  SystemDictionary::resolve_or_fail(symbolHandle, Handle, Handle, bool, Thread*)+0x33
V  [libjvm.so+0x71c004]  SystemDictionary::resolve_or_fail(symbolHandle, bool, Thread*)+0x14
V  [libjvm.so+0x71c0b0]  SystemDictionary::initialize_wk_klass(SystemDictionary::WKID, int, Thread*)+0xa0
V  [libjvm.so+0x71c119]  SystemDictionary::initialize_wk_klasses_until(SystemDictionary::WKID, SystemDictionary::WKID&, Thread*)+0x59
V  [libjvm.so+0x71c211]  SystemDictionary::initialize_preloaded_classes(Thread*)+0x71
V  [libjvm.so+0x75fa8f]  Universe::genesis(Thread*)+0x11f
V  [libjvm.so+0x76043f]  universe2_init()+0x1f
V  [libjvm.so+0x473f25]  init_globals()+0x95
V  [libjvm.so+0x74a3ca]  Threads::create_vm(JavaVMInitArgs*, bool*)+0x1ea
V  [libjvm.so+0x4cdbf1]  JNI_CreateJavaVM+0x61
C  [java+0x317e]  JavaMain+0x7e


---------------  P R O C E S S  ---------------

Java Threads: ( => current thread )

Other Threads:

=>0x00007f029c008000 (exited) JavaThread "Unknown thread" [_thread_in_vm, id=15818, stack(0x00007f02a3d72000,0x00007f02a3e73000)]

VM state:not at safepoint (not fully initialized)

VM Mutex/Monitor currently owned by a thread: None

Dynamic libraries:
00400000-00409000 r-xp 00000000 08:06 535077                             /usr/lib/jvm/java-6-openjdk-amd64/jre/bin/java
00608000-00609000 r--p 00008000 08:06 535077                             /usr/lib/jvm/java-6-openjdk-amd64/jre/bin/java
00609000-0060a000 rw-p 00009000 08:06 535077                             /usr/lib/jvm/java-6-openjdk-amd64/jre/bin/java
00bdf000-00c00000 rw-p 00000000 00:00 0                                  [heap]
77ae00000-77c2c0000 rw-p 00000000 00:00 0 
77c2c0000-785400000 rw-p 00000000 00:00 0 
785400000-78a5d0000 rw-p 00000000 00:00 0 
78a5d0000-7d7160000 rw-p 00000000 00:00 0 
7d7160000-7d9a40000 rw-p 00000000 00:00 0 
7d9a40000-800000000 rw-p 00000000 00:00 0 
7f027c000000-7f027c021000 rw-p 00000000 00:00 0 
7f027c021000-7f0280000000 ---p 00000000 00:00 0 
7f0284000000-7f0284021000 rw-p 00000000 00:00 0 
7f0284021000-7f0288000000 ---p 00000000 00:00 0 
7f028c000000-7f028c021000 rw-p 00000000 00:00 0 
7f028c021000-7f0290000000 ---p 00000000 00:00 0 
7f0294000000-7f0294021000 rw-p 00000000 00:00 0 
7f0294021000-7f0298000000 ---p 00000000 00:00 0 
7f0299000000-7f0299270000 rwxp 00000000 00:00 0 
7f0299270000-7f029c07f000 rw-p 00000000 00:00 0 
7f029c07f000-7f02a0000000 ---p 00000000 00:00 0 
7f02a0020000-7f02a00e2000 r--s 010b9000 08:09 3544940                    /home/hesa/android-sdks/platforms/android-16/android.jar
7f02a00e2000-7f02a010a000 rw-p 00000000 00:00 0 
7f02a010a000-7f02a010b000 ---p 00000000 00:00 0 
7f02a010b000-7f02a020b000 rw-p 00000000 00:00 0 
7f02a020b000-7f02a020c000 ---p 00000000 00:00 0 
7f02a020c000-7f02a030c000 rw-p 00000000 00:00 0 
7f02a030c000-7f02a030d000 ---p 00000000 00:00 0 
7f02a030d000-7f02a040d000 rw-p 00000000 00:00 0 
7f02a040d000-7f02a040e000 ---p 00000000 00:00 0 
7f02a040e000-7f02a0519000 rw-p 00000000 00:00 0 
7f02a0519000-7f02a0561000 rw-p 00000000 00:00 0 
7f02a0561000-7f02a058a000 rw-p 00000000 00:00 0 
7f02a058a000-7f02a07f0000 rw-p 00000000 00:00 0 
7f02a07f0000-7f02a07fb000 rw-p 00000000 00:00 0 
7f02a07fb000-7f02a0843000 rw-p 00000000 00:00 0 
7f02a0843000-7f02a086c000 rw-p 00000000 00:00 0 
7f02a086c000-7f02a0ad1000 rw-p 00000000 00:00 0 
7f02a0ad1000-7f02a0ae7000 rw-p 00000000 00:00 0 
7f02a0ae7000-7f02a0c19000 rw-p 00000000 00:00 0 
7f02a0c19000-7f02a0c1a000 rw-p 00000000 00:00 0 
7f02a0c1a000-7f02a0c21000 r-xp 00000000 08:06 535076                     /usr/lib/jvm/java-6-openjdk-amd64/jre/lib/amd64/libzip.so
7f02a0c21000-7f02a0e20000 ---p 00007000 08:06 535076                     /usr/lib/jvm/java-6-openjdk-amd64/jre/lib/amd64/libzip.so
7f02a0e20000-7f02a0e21000 r--p 00006000 08:06 535076                     /usr/lib/jvm/java-6-openjdk-amd64/jre/lib/amd64/libzip.so
7f02a0e21000-7f02a0e22000 rw-p 00007000 08:06 535076                     /usr/lib/jvm/java-6-openjdk-amd64/jre/lib/amd64/libzip.so
7f02a0e22000-7f02a0e2e000 r-xp 00000000 08:06 939420                     /lib/x86_64-linux-gnu/libnss_files-2.15.so
7f02a0e2e000-7f02a102d000 ---p 0000c000 08:06 939420                     /lib/x86_64-linux-gnu/libnss_files-2.15.so
7f02a102d000-7f02a102e000 r--p 0000b000 08:06 939420                     /lib/x86_64-linux-gnu/libnss_files-2.15.so
7f02a102e000-7f02a102f000 rw-p 0000c000 08:06 939420                     /lib/x86_64-linux-gnu/libnss_files-2.15.so
7f02a102f000-7f02a1039000 r-xp 00000000 08:06 918276                     /lib/x86_64-linux-gnu/libnss_nis-2.15.so
7f02a1039000-7f02a1239000 ---p 0000a000 08:06 918276                     /lib/x86_64-linux-gnu/libnss_nis-2.15.so
7f02a1239000-7f02a123a000 r--p 0000a000 08:06 918276                     /lib/x86_64-linux-gnu/libnss_nis-2.15.so
7f02a123a000-7f02a123b000 rw-p 0000b000 08:06 918276                     /lib/x86_64-linux-gnu/libnss_nis-2.15.so
7f02a123b000-7f02a1252000 r-xp 00000000 08:06 943478                     /lib/x86_64-linux-gnu/libnsl-2.15.so
7f02a1252000-7f02a1451000 ---p 00017000 08:06 943478                     /lib/x86_64-linux-gnu/libnsl-2.15.so
7f02a1451000-7f02a1452000 r--p 00016000 08:06 943478                     /lib/x86_64-linux-gnu/libnsl-2.15.so
7f02a1452000-7f02a1453000 rw-p 00017000 08:06 943478                     /lib/x86_64-linux-gnu/libnsl-2.15.so
7f02a1453000-7f02a1455000 rw-p 00000000 00:00 0 
7f02a1455000-7f02a145d000 r-xp 00000000 08:06 943470                     /lib/x86_64-linux-gnu/libnss_compat-2.15.so
7f02a145d000-7f02a165c000 ---p 00008000 08:06 943470                     /lib/x86_64-linux-gnu/libnss_compat-2.15.so
7f02a165c000-7f02a165d000 r--p 00007000 08:06 943470                     /lib/x86_64-linux-gnu/libnss_compat-2.15.so
7f02a165d000-7f02a165e000 rw-p 00008000 08:06 943470                     /lib/x86_64-linux-gnu/libnss_compat-2.15.so
7f02a165e000-7f02a168a000 r-xp 00000000 08:06 535062                     /usr/lib/jvm/java-6-openjdk-amd64/jre/lib/amd64/libjava.so
7f02a168a000-7f02a1889000 ---p 0002c000 08:06 535062                     /usr/lib/jvm/java-6-openjdk-amd64/jre/lib/amd64/libjava.so
7f02a1889000-7f02a188a000 r--p 0002b000 08:06 535062                     /usr/lib/jvm/java-6-openjdk-amd64/jre/lib/amd64/libjava.so
7f02a188a000-7f02a188d000 rw-p 0002c000 08:06 535062                     /usr/lib/jvm/java-6-openjdk-amd64/jre/lib/amd64/libjava.so
7f02a188d000-7f02a189b000 r-xp 00000000 08:06 535061                     /usr/lib/jvm/java-6-openjdk-amd64/jre/lib/amd64/libverify.so
7f02a189b000-7f02a1a9a000 ---p 0000e000 08:06 535061                     /usr/lib/jvm/java-6-openjdk-amd64/jre/lib/amd64/libverify.so
7f02a1a9a000-7f02a1a9c000 r--p 0000d000 08:06 535061                     /usr/lib/jvm/java-6-openjdk-amd64/jre/lib/amd64/libverify.so
7f02a1a9c000-7f02a1a9d000 rw-p 0000f000 08:06 535061                     /usr/lib/jvm/java-6-openjdk-amd64/jre/lib/amd64/libverify.so
7f02a1a9d000-7f02a1aa4000 r-xp 00000000 08:06 918274                     /lib/x86_64-linux-gnu/librt-2.15.so
7f02a1aa4000-7f02a1ca3000 ---p 00007000 08:06 918274                     /lib/x86_64-linux-gnu/librt-2.15.so
7f02a1ca3000-7f02a1ca4000 r--p 00006000 08:06 918274                     /lib/x86_64-linux-gnu/librt-2.15.so
7f02a1ca4000-7f02a1ca5000 rw-p 00007000 08:06 918274                     /lib/x86_64-linux-gnu/librt-2.15.so
7f02a1ca5000-7f02a1cba000 r-xp 00000000 08:06 922305                     /lib/x86_64-linux-gnu/libgcc_s.so.1
7f02a1cba000-7f02a1eb9000 ---p 00015000 08:06 922305                     /lib/x86_64-linux-gnu/libgcc_s.so.1
7f02a1eb9000-7f02a1eba000 r--p 00014000 08:06 922305                     /lib/x86_64-linux-gnu/libgcc_s.so.1
7f02a1eba000-7f02a1ebb000 rw-p 00015000 08:06 922305                     /lib/x86_64-linux-gnu/libgcc_s.so.1
7f02a1ebb000-7f02a1fb4000 r-xp 00000000 08:06 931565                     /lib/x86_64-linux-gnu/libm-2.15.so
7f02a1fb4000-7f02a21b3000 ---p 000f9000 08:06 931565                     /lib/x86_64-linux-gnu/libm-2.15.so
7f02a21b3000-7f02a21b4000 r--p 000f8000 08:06 931565                     /lib/x86_64-linux-gnu/libm-2.15.so
7f02a21b4000-7f02a21b5000 rw-p 000f9000 08:06 931565                     /lib/x86_64-linux-gnu/libm-2.15.so
7f02a21b5000-7f02a2297000 r-xp 00000000 08:06 528087                     /usr/lib/x86_64-linux-gnu/libstdc++.so.6.0.16
7f02a2297000-7f02a2496000 ---p 000e2000 08:06 528087                     /usr/lib/x86_64-linux-gnu/libstdc++.so.6.0.16
7f02a2496000-7f02a249e000 r--p 000e1000 08:06 528087                     /usr/lib/x86_64-linux-gnu/libstdc++.so.6.0.16
7f02a249e000-7f02a24a0000 rw-p 000e9000 08:06 528087                     /usr/lib/x86_64-linux-gnu/libstdc++.so.6.0.16
7f02a24a0000-7f02a24b5000 rw-p 00000000 00:00 0 
7f02a24b5000-7f02a2db9000 r-xp 00000000 08:06 535066                     /usr/lib/jvm/java-6-openjdk-amd64/jre/lib/amd64/server/libjvm.so
7f02a2db9000-7f02a2fb9000 ---p 00904000 08:06 535066                     /usr/lib/jvm/java-6-openjdk-amd64/jre/lib/amd64/server/libjvm.so
7f02a2fb9000-7f02a3039000 r--p 00904000 08:06 535066                     /usr/lib/jvm/java-6-openjdk-amd64/jre/lib/amd64/server/libjvm.so
7f02a3039000-7f02a3054000 rw-p 00984000 08:06 535066                     /usr/lib/jvm/java-6-openjdk-amd64/jre/lib/amd64/server/libjvm.so
7f02a3054000-7f02a307d000 rw-p 00000000 00:00 0 
7f02a307d000-7f02a3093000 r-xp 00000000 08:06 921398                     /lib/x86_64-linux-gnu/libz.so.1.2.3.4
7f02a3093000-7f02a3292000 ---p 00016000 08:06 921398                     /lib/x86_64-linux-gnu/libz.so.1.2.3.4
7f02a3292000-7f02a3293000 r--p 00015000 08:06 921398                     /lib/x86_64-linux-gnu/libz.so.1.2.3.4
7f02a3293000-7f02a3294000 rw-p 00016000 08:06 921398                     /lib/x86_64-linux-gnu/libz.so.1.2.3.4
7f02a3294000-7f02a3449000 r-xp 00000000 08:06 918269                     /lib/x86_64-linux-gnu/libc-2.15.so
7f02a3449000-7f02a3648000 ---p 001b5000 08:06 918269                     /lib/x86_64-linux-gnu/libc-2.15.so
7f02a3648000-7f02a364c000 r--p 001b4000 08:06 918269                     /lib/x86_64-linux-gnu/libc-2.15.so
7f02a364c000-7f02a364e000 rw-p 001b8000 08:06 918269                     /lib/x86_64-linux-gnu/libc-2.15.so
7f02a364e000-7f02a3653000 rw-p 00000000 00:00 0 
7f02a3653000-7f02a3655000 r-xp 00000000 08:06 918268                     /lib/x86_64-linux-gnu/libdl-2.15.so
7f02a3655000-7f02a3855000 ---p 00002000 08:06 918268                     /lib/x86_64-linux-gnu/libdl-2.15.so
7f02a3855000-7f02a3856000 r--p 00002000 08:06 918268                     /lib/x86_64-linux-gnu/libdl-2.15.so
7f02a3856000-7f02a3857000 rw-p 00003000 08:06 918268                     /lib/x86_64-linux-gnu/libdl-2.15.so
7f02a3857000-7f02a385b000 r-xp 00000000 08:06 535046                     /usr/lib/jvm/java-6-openjdk-amd64/jre/lib/amd64/jli/libjli.so
7f02a385b000-7f02a3a5a000 ---p 00004000 08:06 535046                     /usr/lib/jvm/java-6-openjdk-amd64/jre/lib/amd64/jli/libjli.so
7f02a3a5a000-7f02a3a5b000 r--p 00003000 08:06 535046                     /usr/lib/jvm/java-6-openjdk-amd64/jre/lib/amd64/jli/libjli.so
7f02a3a5b000-7f02a3a5c000 rw-p 00004000 08:06 535046                     /usr/lib/jvm/java-6-openjdk-amd64/jre/lib/amd64/jli/libjli.so
7f02a3a5c000-7f02a3a74000 r-xp 00000000 08:06 918271                     /lib/x86_64-linux-gnu/libpthread-2.15.so
7f02a3a74000-7f02a3c73000 ---p 00018000 08:06 918271                     /lib/x86_64-linux-gnu/libpthread-2.15.so
7f02a3c73000-7f02a3c74000 r--p 00017000 08:06 918271                     /lib/x86_64-linux-gnu/libpthread-2.15.so
7f02a3c74000-7f02a3c75000 rw-p 00018000 08:06 918271                     /lib/x86_64-linux-gnu/libpthread-2.15.so
7f02a3c75000-7f02a3c79000 rw-p 00000000 00:00 0 
7f02a3c79000-7f02a3c9b000 r-xp 00000000 08:06 943473                     /lib/x86_64-linux-gnu/ld-2.15.so
7f02a3cb2000-7f02a3cbc000 rw-p 00000000 00:00 0 
7f02a3cbc000-7f02a3d72000 rw-p 00000000 00:00 0 
7f02a3d72000-7f02a3d75000 ---p 00000000 00:00 0 
7f02a3d75000-7f02a3e78000 rw-p 00000000 00:00 0 
7f02a3e8f000-7f02a3e97000 rw-s 00000000 08:06 393507                     /tmp/hsperfdata_hesa/15812
7f02a3e97000-7f02a3e98000 rw-p 00000000 00:00 0 
7f02a3e98000-7f02a3e99000 r--p 00000000 00:00 0 
7f02a3e99000-7f02a3e9b000 rw-p 00000000 00:00 0 
7f02a3e9b000-7f02a3e9c000 r--p 00022000 08:06 943473                     /lib/x86_64-linux-gnu/ld-2.15.so
7f02a3e9c000-7f02a3e9e000 rw-p 00023000 08:06 943473                     /lib/x86_64-linux-gnu/ld-2.15.so
7fff8067d000-7fff8069e000 rw-p 00000000 00:00 0                          [stack]
7fff80747000-7fff80748000 r-xp 00000000 00:00 0                          [vdso]
ffffffffff600000-ffffffffff601000 r-xp 00000000 00:00 0                  [vsyscall]

VM Arguments:
jvm_args: -Dfile.encoding=UTF-8 -Xbootclasspath:/home/hesa/android-sdks/platforms/android-16/android.jar 
java_command: org.eclipse.jdt.internal.junit.runner.RemoteTestRunner -version 3 -port 35126 -testLoaderClass org.eclipse.jdt.internal.junit4.runner.JUnit4TestLoader -loaderpluginname org.eclipse.jdt.junit4.runtime -classNames com.example.moon.NadaTest
Launcher Type: SUN_STANDARD

Environment Variables:
PATH=/home/hesa/bin:/usr/lib/lightdm/lightdm:/usr/local/sbin:/usr/local/bin:/usr/sbin:/usr/bin:/sbin:/bin:/usr/games:/home/hesa/.local/bin
LD_LIBRARY_PATH=/usr/lib/jvm/java-6-openjdk-amd64/jre/lib/amd64/server:/usr/lib/jvm/java-6-openjdk-amd64/jre/lib/amd64:/usr/lib/jvm/java-6-openjdk-amd64/jre/../lib/amd64
SHELL=/bin/bash
DISPLAY=:0

Signal Handlers:
SIGSEGV: [libjvm.so+0x784310], sa_mask[0]=0x7ffbfeff, sa_flags=0x10000004
SIGBUS: [libjvm.so+0x784310], sa_mask[0]=0x7ffbfeff, sa_flags=0x10000004
SIGFPE: [libjvm.so+0x648580], sa_mask[0]=0x7ffbfeff, sa_flags=0x10000004
SIGPIPE: [libjvm.so+0x648580], sa_mask[0]=0x7ffbfeff, sa_flags=0x10000004
SIGXFSZ: [libjvm.so+0x648580], sa_mask[0]=0x7ffbfeff, sa_flags=0x10000004
SIGILL: [libjvm.so+0x648580], sa_mask[0]=0x7ffbfeff, sa_flags=0x10000004
SIGUSR1: SIG_DFL, sa_mask[0]=0x00000000, sa_flags=0x00000000
SIGUSR2: [libjvm.so+0x648730], sa_mask[0]=0x00000004, sa_flags=0x10000004
SIGHUP: SIG_DFL, sa_mask[0]=0x00000000, sa_flags=0x00000000
SIGINT: SIG_DFL, sa_mask[0]=0x00000000, sa_flags=0x00000000
SIGTERM: SIG_DFL, sa_mask[0]=0x00000000, sa_flags=0x00000000
SIGQUIT: SIG_DFL, sa_mask[0]=0x00000000, sa_flags=0x00000000


---------------  S Y S T E M  ---------------

OS:Ubuntu 12.04 (precise)
uname:Linux 3.2.0-31-generic #50-Ubuntu SMP Fri Sep 7 16:16:45 UTC 2012 x86_64
libc:glibc 2.15 NPTL 2.15 
rlimit: STACK 8192k, CORE 0k, NPROC 62652, NOFILE 4096, AS infinity
load average:0.96 0.75 0.52

/proc/meminfo:
MemTotal:        8037068 kB
MemFree:         3322204 kB
Buffers:          219260 kB
Cached:          1835916 kB
SwapCached:            0 kB
Active:          3499212 kB
Inactive:         842860 kB
Active(anon):    2289116 kB
Inactive(anon):    22036 kB
Active(file):    1210096 kB
Inactive(file):   820824 kB
Unevictable:          36 kB
Mlocked:              36 kB
SwapTotal:             0 kB
SwapFree:              0 kB
Dirty:               164 kB
Writeback:           256 kB
AnonPages:       2286972 kB
Mapped:           244980 kB
Shmem:             24268 kB
Slab:             184564 kB
SReclaimable:     150768 kB
SUnreclaim:        33796 kB
KernelStack:        3984 kB
PageTables:        39476 kB
NFS_Unstable:          0 kB
Bounce:                0 kB
WritebackTmp:          0 kB
CommitLimit:     4018532 kB
Committed_AS:    5611292 kB
VmallocTotal:   34359738367 kB
VmallocUsed:      128196 kB
VmallocChunk:   34359602684 kB
HardwareCorrupted:     0 kB
AnonHugePages:         0 kB
HugePages_Total:       0
HugePages_Free:        0
HugePages_Rsvd:        0
HugePages_Surp:        0
Hugepagesize:       2048 kB
DirectMap4k:      153980 kB
DirectMap2M:     8159232 kB


CPU:total 4 (2 cores per cpu, 2 threads per core) family 6 model 37 stepping 5, cmov, cx8, fxsr, mmx, sse, sse2, sse3, ssse3, sse4.1, sse4.2, popcnt, ht

Memory: 4k page, physical 8037068k(3322204k free), swap 0k(0k free)

vm_info: OpenJDK 64-Bit Server VM (20.0-b12) for linux-amd64 JRE (1.6.0_24-b24), built on Sep  2 2012 19:50:47 by "buildd" with gcc 4.6.3

time: Sun Oct  7 11:24:56 2012
elapsed time: 0 seconds

